Release 14.1 - xst P.15xf (nt64)
Copyright (c) 1995-2012 Xilinx, Inc.  All rights reserved.
--> Parameter TMPDIR set to xst/projnav.tmp


Total REAL time to Xst completion: 0.00 secs
Total CPU time to Xst completion: 0.11 secs
 
--> Parameter xsthdpdir set to xst


Total REAL time to Xst completion: 0.00 secs
Total CPU time to Xst completion: 0.11 secs
 
--> Reading design: SignedAdder.prj

TABLE OF CONTENTS
  1) Synthesis Options Summary
  2) HDL Parsing
  3) HDL Elaboration
  4) HDL Synthesis
       4.1) HDL Synthesis Report
  5) Advanced HDL Synthesis
       5.1) Advanced HDL Synthesis Report
  6) Low Level Synthesis
  7) Partition Report
  8) Design Summary
       8.1) Primitive and Black Box Usage
       8.2) Device utilization summary
       8.3) Partition Resource Summary
       8.4) Timing Report
            8.4.1) Clock Information
            8.4.2) Asynchronous Control Signals Information
            8.4.3) Timing Summary
            8.4.4) Timing Details
            8.4.5) Cross Clock Domains Report


=========================================================================
*                      Synthesis Options Summary                        *
=========================================================================
---- Source Parameters
Input File Name                    : "SignedAdder.prj"
Ignore Synthesis Constraint File   : NO

---- Target Parameters
Output File Name                   : "SignedAdder"
Output Format                      : NGC
Target Device                      : xc6slx9-2-csg324

---- Source Options
Top Module Name                    : SignedAdder
Automatic FSM Extraction           : YES
FSM Encoding Algorithm             : Auto
Safe Implementation                : No
FSM Style                          : LUT
RAM Extraction                     : Yes
RAM Style                          : Auto
ROM Extraction                     : Yes
Shift Register Extraction          : YES
ROM Style                          : Auto
Resource Sharing                   : YES
Asynchronous To Synchronous        : NO
Shift Register Minimum Size        : 2
Use DSP Block                      : Auto
Automatic Register Balancing       : No

---- Target Options
LUT Combining                      : Auto
Reduce Control Sets                : Auto
Add IO Buffers                     : YES
Global Maximum Fanout              : 100000
Add Generic Clock Buffer(BUFG)     : 16
Register Duplication               : YES
Optimize Instantiated Primitives   : NO
Use Clock Enable                   : Auto
Use Synchronous Set                : Auto
Use Synchronous Reset              : Auto
Pack IO Registers into IOBs        : Auto
Equivalent register Removal        : YES

---- General Options
Optimization Goal                  : Speed
Optimization Effort                : 1
Power Reduction                    : NO
Keep Hierarchy                     : No
Netlist Hierarchy                  : As_Optimized
RTL Output                         : Yes
Global Optimization                : AllClockNets
Read Cores                         : YES
Write Timing Constraints           : NO
Cross Clock Analysis               : NO
Hierarchy Separator                : /
Bus Delimiter                      : <>
Case Specifier                     : Maintain
Slice Utilization Ratio            : 100
BRAM Utilization Ratio             : 100
DSP48 Utilization Ratio            : 100
Auto BRAM Packing                  : NO
Slice Utilization Ratio Delta      : 5

=========================================================================


=========================================================================
*                          HDL Parsing                                  *
=========================================================================
Analyzing Verilog file "X:\0_xlinx_ISE\SignedAdder\SignedAdder.v" into library work
Parsing module <SignedAdder>.

=========================================================================
*                            HDL Elaboration                            *
=========================================================================

Elaborating module <SignedAdder>.

=========================================================================
*                           HDL Synthesis                               *
=========================================================================

Synthesizing Unit <SignedAdder>.
    Related source file is "X:\0_xlinx_ISE\SignedAdder\SignedAdder.v".
    Found 20-bit adder for signal <a[19]_GND_1_o_add_1_OUT> created at line 47.
    Found 20-bit adder for signal <b[19]_GND_1_o_add_4_OUT> created at line 48.
    Found 21-bit adder for signal <n0032> created at line 49.
    Found 21-bit adder for signal <n0031> created at line 49.
    Found 20-bit adder for signal <addtemp[19]_GND_1_o_add_10_OUT> created at line 50.
    Summary:
	inferred   4 Adder/Subtractor(s).
	inferred   6 Multiplexer(s).
Unit <SignedAdder> synthesized.

=========================================================================
HDL Synthesis Report

Macro Statistics
# Adders/Subtractors                                   : 4
 20-bit adder                                          : 3
 21-bit adder                                          : 1
# Multiplexers                                         : 6
 1-bit 2-to-1 multiplexer                              : 1
 20-bit 2-to-1 multiplexer                             : 3
 21-bit 2-to-1 multiplexer                             : 2
# Xors                                                 : 1
 1-bit xor2                                            : 1

=========================================================================
INFO:Xst:1767 - HDL ADVISOR - Resource sharing has identified that some arithmetic operations in this design can share the same physical resources for reduced device utilization. For improved clock frequency you may try to disable resource sharing.

=========================================================================
*                       Advanced HDL Synthesis                          *
=========================================================================


=========================================================================
Advanced HDL Synthesis Report

Macro Statistics
# Adders/Subtractors                                   : 4
 20-bit adder                                          : 3
 21-bit adder                                          : 1
# Multiplexers                                         : 6
 1-bit 2-to-1 multiplexer                              : 1
 20-bit 2-to-1 multiplexer                             : 3
 21-bit 2-to-1 multiplexer                             : 2
# Xors                                                 : 1
 1-bit xor2                                            : 1

=========================================================================

=========================================================================
*                         Low Level Synthesis                           *
=========================================================================

Optimizing unit <SignedAdder> ...

Mapping all equations...
Building and optimizing final netlist ...
Found area constraint ratio of 100 (+ 5) on block SignedAdder, actual ratio is 3.

Final Macro Processing ...

=========================================================================
Final Register Report

Found no macro
=========================================================================

=========================================================================
*                           Partition Report                            *
=========================================================================

Partition Implementation Status
-------------------------------

  No Partitions were found in this design.

-------------------------------

=========================================================================
*                            Design Summary                             *
=========================================================================

Top Level Output File Name         : SignedAdder.ngc

Primitive and Black Box Usage:
------------------------------
# BELS                             : 280
#      GND                         : 1
#      INV                         : 57
#      LUT1                        : 3
#      LUT3                        : 1
#      LUT4                        : 20
#      LUT5                        : 20
#      LUT6                        : 20
#      MUXCY                       : 77
#      VCC                         : 1
#      XORCY                       : 80
# IO Buffers                       : 63
#      IBUF                        : 42
#      OBUF                        : 21

Device utilization summary:
---------------------------

Selected Device : 6slx9csg324-2 


Slice Logic Utilization: 
 Number of Slice LUTs:                  121  out of   5720     2%  
    Number used as Logic:               121  out of   5720     2%  

Slice Logic Distribution: 
 Number of LUT Flip Flop pairs used:    121
   Number with an unused Flip Flop:     121  out of    121   100%  
   Number with an unused LUT:             0  out of    121     0%  
   Number of fully used LUT-FF pairs:     0  out of    121     0%  
   Number of unique control sets:         0

IO Utilization: 
 Number of IOs:                          63
 Number of bonded IOBs:                  63  out of    200    31%  

Specific Feature Utilization:

---------------------------
Partition Resource Summary:
---------------------------

  No Partitions were found in this design.

---------------------------


=========================================================================
Timing Report

NOTE: THESE TIMING NUMBERS ARE ONLY A SYNTHESIS ESTIMATE.
      FOR ACCURATE TIMING INFORMATION PLEASE REFER TO THE TRACE REPORT
      GENERATED AFTER PLACE-and-ROUTE.

Clock Information:
------------------
No clock signals found in this design

Asynchronous Control Signals Information:
----------------------------------------
No asynchronous control signals found in this design

Timing Summary:
---------------
Speed Grade: -2

   Minimum period: No path found
   Minimum input arrival time before clock: No path found
   Maximum output required time after clock: No path found
   Maximum combinational path delay: 10.665ns

Timing Details:
---------------
All values displayed in nanoseconds (ns)

=========================================================================
Timing constraint: Default path analysis
  Total number of paths / destination ports: 57207 / 21
-------------------------------------------------------------------------
Delay:               10.665ns (Levels of Logic = 26)
  Source:            a<20> (PAD)
  Destination:       AddOut<19> (PAD)

  Data Path: a<20> to AddOut<19>
                                Gate     Net
    Cell:in->out      fanout   Delay   Delay  Logical Name (Net Name)
    ----------------------------------------  ------------
     IBUF:I->O            61   1.328   2.336  a_20_IBUF (a_20_IBUF)
     LUT6:I1->O            1   0.254   0.000  Mmux_addtemp_rs_lut<0> (Mmux_addtemp_rs_lut<0>)
     MUXCY:S->O            1   0.215   0.000  Mmux_addtemp_rs_cy<0> (Mmux_addtemp_rs_cy<0>)
     MUXCY:CI->O           1   0.023   0.000  Mmux_addtemp_rs_cy<1> (Mmux_addtemp_rs_cy<1>)
     MUXCY:CI->O           1   0.023   0.000  Mmux_addtemp_rs_cy<2> (Mmux_addtemp_rs_cy<2>)
     MUXCY:CI->O           1   0.023   0.000  Mmux_addtemp_rs_cy<3> (Mmux_addtemp_rs_cy<3>)
     MUXCY:CI->O           1   0.023   0.000  Mmux_addtemp_rs_cy<4> (Mmux_addtemp_rs_cy<4>)
     MUXCY:CI->O           1   0.023   0.000  Mmux_addtemp_rs_cy<5> (Mmux_addtemp_rs_cy<5>)
     MUXCY:CI->O           1   0.023   0.000  Mmux_addtemp_rs_cy<6> (Mmux_addtemp_rs_cy<6>)
     MUXCY:CI->O           1   0.023   0.000  Mmux_addtemp_rs_cy<7> (Mmux_addtemp_rs_cy<7>)
     MUXCY:CI->O           1   0.023   0.000  Mmux_addtemp_rs_cy<8> (Mmux_addtemp_rs_cy<8>)
     MUXCY:CI->O           1   0.023   0.000  Mmux_addtemp_rs_cy<9> (Mmux_addtemp_rs_cy<9>)
     MUXCY:CI->O           1   0.023   0.000  Mmux_addtemp_rs_cy<10> (Mmux_addtemp_rs_cy<10>)
     MUXCY:CI->O           1   0.023   0.000  Mmux_addtemp_rs_cy<11> (Mmux_addtemp_rs_cy<11>)
     MUXCY:CI->O           1   0.023   0.000  Mmux_addtemp_rs_cy<12> (Mmux_addtemp_rs_cy<12>)
     MUXCY:CI->O           1   0.023   0.000  Mmux_addtemp_rs_cy<13> (Mmux_addtemp_rs_cy<13>)
     MUXCY:CI->O           1   0.023   0.000  Mmux_addtemp_rs_cy<14> (Mmux_addtemp_rs_cy<14>)
     MUXCY:CI->O           1   0.023   0.000  Mmux_addtemp_rs_cy<15> (Mmux_addtemp_rs_cy<15>)
     MUXCY:CI->O           1   0.023   0.000  Mmux_addtemp_rs_cy<16> (Mmux_addtemp_rs_cy<16>)
     MUXCY:CI->O           1   0.023   0.000  Mmux_addtemp_rs_cy<17> (Mmux_addtemp_rs_cy<17>)
     XORCY:CI->O           2   0.206   0.725  Mmux_addtemp_rs_xor<18> (addtemp<18>)
     INV:I->O              1   0.255   0.000  n0044<18>1_INV_0 (n0044<18>)
     MUXCY:S->O            0   0.215   0.000  Madd_addtemp[19]_GND_1_o_add_10_OUT_cy<18> (Madd_addtemp[19]_GND_1_o_add_10_OUT_cy<18>)
     XORCY:CI->O           1   0.206   0.682  Madd_addtemp[19]_GND_1_o_add_10_OUT_xor<19> (addtemp[19]_GND_1_o_add_10_OUT<19>)
     LUT5:I4->O            1   0.254   0.681  Mmux_AddOut<19:0>111 (AddOut_19_OBUF)
     OBUF:I->O                 2.912          AddOut_19_OBUF (AddOut<19>)
    ----------------------------------------
    Total                     10.665ns (6.240ns logic, 4.424ns route)
                                       (58.5% logic, 41.5% route)

=========================================================================

Cross Clock Domains Report:
--------------------------

=========================================================================


Total REAL time to Xst completion: 7.00 secs
Total CPU time to Xst completion: 7.26 secs
 
--> 

Total memory usage is 231268 kilobytes

Number of errors   :    0 (   0 filtered)
Number of warnings :    0 (   0 filtered)
Number of infos    :    1 (   0 filtered)

