ISim log file
Running: X:\0_xlinx_ISE\BlockRam\Ram_test_isim_beh.exe -intstyle ise -gui -tclbatch isim.cmd -wdb X:/0_xlinx_ISE/BlockRam/Ram_test_isim_beh.wdb 
ISim P.15xf (signature 0xc3576ebc)
This is a Full version of ISim.
Time resolution is 1 ps
# onerror resume
# wave add /
# run 1000 ns
Simulator is doing circuit initialization process.
 Block Memory Generator CORE Generator module loading initial data...
 Block Memory Generator data initialization complete.
Block Memory Generator CORE Generator module Ram_test.uut.BRAM.inst.\native_mem_module.blk_mem_gen_v7_1_inst  is using a behavioral model for simulation which will not precisely model memory collision behavior.
Finished circuit initialization process.
# run 1.00us
# run 1.00us
ISim P.15xf (signature 0xc3576ebc)
This is a Full version of ISim.
# run 1000 ns
Simulator is doing circuit initialization process.
 Block Memory Generator CORE Generator module loading initial data...
 Block Memory Generator data initialization complete.
Block Memory Generator CORE Generator module Ram_test.uut.BRAM.inst.\native_mem_module.blk_mem_gen_v7_1_inst  is using a behavioral model for simulation which will not precisely model memory collision behavior.
Finished circuit initialization process.
# run 5.00us
ISim P.15xf (signature 0xc3576ebc)
This is a Full version of ISim.
# run 1000 ns
Simulator is doing circuit initialization process.
 Block Memory Generator CORE Generator module loading initial data...
 Block Memory Generator data initialization complete.
Block Memory Generator CORE Generator module Ram_test.uut.BRAM.inst.\native_mem_module.blk_mem_gen_v7_1_inst  is using a behavioral model for simulation which will not precisely model memory collision behavior.
Finished circuit initialization process.
# run 5.00us
