Release 14.1 - xst P.15xf (nt64)
Copyright (c) 1995-2012 Xilinx, Inc.  All rights reserved.
--> Parameter TMPDIR set to xst/projnav.tmp


Total REAL time to Xst completion: 0.00 secs
Total CPU time to Xst completion: 0.11 secs
 
--> Parameter xsthdpdir set to xst


Total REAL time to Xst completion: 0.00 secs
Total CPU time to Xst completion: 0.11 secs
 
--> Reading design: ram_top.prj

TABLE OF CONTENTS
  1) Synthesis Options Summary
  2) HDL Parsing
  3) HDL Elaboration
  4) HDL Synthesis
       4.1) HDL Synthesis Report
  5) Advanced HDL Synthesis
       5.1) Advanced HDL Synthesis Report
  6) Low Level Synthesis
  7) Partition Report
  8) Design Summary
       8.1) Primitive and Black Box Usage
       8.2) Device utilization summary
       8.3) Partition Resource Summary
       8.4) Timing Report
            8.4.1) Clock Information
            8.4.2) Asynchronous Control Signals Information
            8.4.3) Timing Summary
            8.4.4) Timing Details
            8.4.5) Cross Clock Domains Report


=========================================================================
*                      Synthesis Options Summary                        *
=========================================================================
---- Source Parameters
Input File Name                    : "ram_top.prj"
Ignore Synthesis Constraint File   : NO

---- Target Parameters
Output File Name                   : "ram_top"
Output Format                      : NGC
Target Device                      : xc6slx9-2-csg324

---- Source Options
Top Module Name                    : ram_top
Automatic FSM Extraction           : YES
FSM Encoding Algorithm             : Auto
Safe Implementation                : No
FSM Style                          : LUT
RAM Extraction                     : Yes
RAM Style                          : Auto
ROM Extraction                     : Yes
Shift Register Extraction          : YES
ROM Style                          : Auto
Resource Sharing                   : YES
Asynchronous To Synchronous        : NO
Shift Register Minimum Size        : 2
Use DSP Block                      : Auto
Automatic Register Balancing       : No

---- Target Options
LUT Combining                      : Auto
Reduce Control Sets                : Auto
Add IO Buffers                     : YES
Global Maximum Fanout              : 100000
Add Generic Clock Buffer(BUFG)     : 16
Register Duplication               : YES
Optimize Instantiated Primitives   : NO
Use Clock Enable                   : Auto
Use Synchronous Set                : Auto
Use Synchronous Reset              : Auto
Pack IO Registers into IOBs        : Auto
Equivalent register Removal        : YES

---- General Options
Optimization Goal                  : Speed
Optimization Effort                : 1
Power Reduction                    : NO
Keep Hierarchy                     : No
Netlist Hierarchy                  : As_Optimized
RTL Output                         : Yes
Global Optimization                : AllClockNets
Read Cores                         : YES
Write Timing Constraints           : NO
Cross Clock Analysis               : NO
Hierarchy Separator                : /
Bus Delimiter                      : <>
Case Specifier                     : Maintain
Slice Utilization Ratio            : 100
BRAM Utilization Ratio             : 100
DSP48 Utilization Ratio            : 100
Auto BRAM Packing                  : NO
Slice Utilization Ratio Delta      : 5

---- Other Options
Cores Search Directories           : {"ipcore_dir"  }

=========================================================================


=========================================================================
*                          HDL Parsing                                  *
=========================================================================
Analyzing Verilog file "X:\0_xlinx_ISE\BlockRam\ipcore_dir\BlockRAM.v" into library work
Parsing module <BlockRAM>.
Analyzing Verilog file "X:\0_xlinx_ISE\BlockRam\ram_top.v" into library work
Parsing module <ram_top>.

=========================================================================
*                            HDL Elaboration                            *
=========================================================================

Elaborating module <ram_top>.

Elaborating module <BlockRAM>.
WARNING:HDLCompiler:1499 - "X:\0_xlinx_ISE\BlockRam\ipcore_dir\BlockRAM.v" Line 39: Empty module <BlockRAM> remains a black box.

=========================================================================
*                           HDL Synthesis                               *
=========================================================================

Synthesizing Unit <ram_top>.
    Related source file is "X:\0_xlinx_ISE\BlockRam\ram_top.v".
    Found 8-bit register for signal <counter>.
    Found 8-bit subtractor for signal <counter[7]_GND_1_o_sub_2_OUT> created at line 39.
    Summary:
	inferred   1 Adder/Subtractor(s).
	inferred   8 D-type flip-flop(s).
Unit <ram_top> synthesized.

=========================================================================
HDL Synthesis Report

Macro Statistics
# Adders/Subtractors                                   : 1
 8-bit subtractor                                      : 1
# Registers                                            : 1
 8-bit register                                        : 1

=========================================================================

=========================================================================
*                       Advanced HDL Synthesis                          *
=========================================================================

Reading core <ipcore_dir/BlockRAM.ngc>.
Loading core <BlockRAM> for timing and area information for instance <BRAM>.

Synthesizing (advanced) Unit <ram_top>.
The following registers are absorbed into counter <counter>: 1 register on signal <counter>.
Unit <ram_top> synthesized (advanced).

=========================================================================
Advanced HDL Synthesis Report

Macro Statistics
# Counters                                             : 1
 8-bit down counter                                    : 1

=========================================================================

=========================================================================
*                         Low Level Synthesis                           *
=========================================================================

Optimizing unit <ram_top> ...

Mapping all equations...
Building and optimizing final netlist ...
Found area constraint ratio of 100 (+ 5) on block ram_top, actual ratio is 0.

Final Macro Processing ...

=========================================================================
Final Register Report

Macro Statistics
# Registers                                            : 8
 Flip-Flops                                            : 8

=========================================================================

=========================================================================
*                           Partition Report                            *
=========================================================================

Partition Implementation Status
-------------------------------

  No Partitions were found in this design.

-------------------------------

=========================================================================
*                            Design Summary                             *
=========================================================================

Top Level Output File Name         : ram_top.ngc

Primitive and Black Box Usage:
------------------------------
# BELS                             : 28
#      GND                         : 3
#      INV                         : 7
#      LUT1                        : 1
#      MUXCY                       : 7
#      VCC                         : 2
#      XORCY                       : 8
# FlipFlops/Latches                : 8
#      FDR                         : 7
#      FDS                         : 1
# RAMS                             : 1
#      RAMB8BWER                   : 1
# Clock Buffers                    : 1
#      BUFGP                       : 1
# IO Buffers                       : 34
#      IBUF                        : 18
#      OBUF                        : 16

Device utilization summary:
---------------------------

Selected Device : 6slx9csg324-2 


Slice Logic Utilization: 
 Number of Slice Registers:               8  out of  11440     0%  
 Number of Slice LUTs:                    8  out of   5720     0%  
    Number used as Logic:                 8  out of   5720     0%  

Slice Logic Distribution: 
 Number of LUT Flip Flop pairs used:     16
   Number with an unused Flip Flop:       8  out of     16    50%  
   Number with an unused LUT:             8  out of     16    50%  
   Number of fully used LUT-FF pairs:     0  out of     16     0%  
   Number of unique control sets:         1

IO Utilization: 
 Number of IOs:                          35
 Number of bonded IOBs:                  35  out of    200    17%  

Specific Feature Utilization:
 Number of Block RAM/FIFO:                1  out of     32     3%  
    Number using Block RAM only:          1
 Number of BUFG/BUFGCTRLs:                1  out of     16     6%  

---------------------------
Partition Resource Summary:
---------------------------

  No Partitions were found in this design.

---------------------------


=========================================================================
Timing Report

NOTE: THESE TIMING NUMBERS ARE ONLY A SYNTHESIS ESTIMATE.
      FOR ACCURATE TIMING INFORMATION PLEASE REFER TO THE TRACE REPORT
      GENERATED AFTER PLACE-and-ROUTE.

Clock Information:
------------------
-----------------------------------+------------------------------------------------------------------------------------------------------------------------------+-------+
Clock Signal                       | Clock buffer(FF name)                                                                                                        | Load  |
-----------------------------------+------------------------------------------------------------------------------------------------------------------------------+-------+
clk_100M                           | BUFGP                                                                                                                        | 9     |
BRAM/N1                            | NONE(BRAM/U0/xst_blk_mem_generator/gnativebmg.native_blk_mem_gen/valid.cstr/ramloop[0].ram.r/s6_init.ram/SP.SIMPLE_PRIM9.ram)| 1     |
-----------------------------------+------------------------------------------------------------------------------------------------------------------------------+-------+
INFO:Xst:2169 - HDL ADVISOR - Some clock signals were not automatically buffered by XST with BUFG/BUFR resources. Please use the buffer_type constraint in order to insert these buffers to the clock signals to help prevent skew problems.

Asynchronous Control Signals Information:
----------------------------------------
No asynchronous control signals found in this design

Timing Summary:
---------------
Speed Grade: -2

   Minimum period: 2.139ns (Maximum Frequency: 467.399MHz)
   Minimum input arrival time before clock: 2.730ns
   Maximum output required time after clock: 5.393ns
   Maximum combinational path delay: No path found

Timing Details:
---------------
All values displayed in nanoseconds (ns)

=========================================================================
Timing constraint: Default period analysis for Clock 'clk_100M'
  Clock period: 2.139ns (frequency: 467.399MHz)
  Total number of paths / destination ports: 44 / 16
-------------------------------------------------------------------------
Delay:               2.139ns (Levels of Logic = 9)
  Source:            counter_0 (FF)
  Destination:       counter_7 (FF)
  Source Clock:      clk_100M rising
  Destination Clock: clk_100M rising

  Data Path: counter_0 to counter_7
                                Gate     Net
    Cell:in->out      fanout   Delay   Delay  Logical Name (Net Name)
    ----------------------------------------  ------------
     FDR:C->Q              2   0.525   0.726  counter_0 (counter_0)
     LUT1:I0->O            1   0.254   0.000  Mcount_counter_cy<0>_rt (Mcount_counter_cy<0>_rt)
     MUXCY:S->O            1   0.215   0.000  Mcount_counter_cy<0> (Mcount_counter_cy<0>)
     MUXCY:CI->O           1   0.023   0.000  Mcount_counter_cy<1> (Mcount_counter_cy<1>)
     MUXCY:CI->O           1   0.023   0.000  Mcount_counter_cy<2> (Mcount_counter_cy<2>)
     MUXCY:CI->O           1   0.023   0.000  Mcount_counter_cy<3> (Mcount_counter_cy<3>)
     MUXCY:CI->O           1   0.023   0.000  Mcount_counter_cy<4> (Mcount_counter_cy<4>)
     MUXCY:CI->O           1   0.023   0.000  Mcount_counter_cy<5> (Mcount_counter_cy<5>)
     MUXCY:CI->O           0   0.023   0.000  Mcount_counter_cy<6> (Mcount_counter_cy<6>)
     XORCY:CI->O           1   0.206   0.000  Mcount_counter_xor<7> (Result<7>)
     FDR:D                     0.074          counter_7
    ----------------------------------------
    Total                      2.139ns (1.413ns logic, 0.726ns route)
                                       (66.1% logic, 33.9% route)

=========================================================================
Timing constraint: Default OFFSET IN BEFORE for Clock 'clk_100M'
  Total number of paths / destination ports: 26 / 26
-------------------------------------------------------------------------
Offset:              2.730ns (Levels of Logic = 1)
  Source:            resetAdd (PAD)
  Destination:       counter_0 (FF)
  Destination Clock: clk_100M rising

  Data Path: resetAdd to counter_0
                                Gate     Net
    Cell:in->out      fanout   Delay   Delay  Logical Name (Net Name)
    ----------------------------------------  ------------
     IBUF:I->O             8   1.328   0.943  resetAdd_IBUF (resetAdd_IBUF)
     FDR:R                     0.459          counter_0
    ----------------------------------------
    Total                      2.730ns (1.787ns logic, 0.943ns route)
                                       (65.5% logic, 34.5% route)

=========================================================================
Timing constraint: Default OFFSET OUT AFTER for Clock 'clk_100M'
  Total number of paths / destination ports: 16 / 16
-------------------------------------------------------------------------
Offset:              5.393ns (Levels of Logic = 2)
  Source:            BRAM/U0/xst_blk_mem_generator/gnativebmg.native_blk_mem_gen/valid.cstr/ramloop[0].ram.r/s6_init.ram/SP.SIMPLE_PRIM9.ram (RAM)
  Destination:       douta<15> (PAD)
  Source Clock:      clk_100M rising

  Data Path: BRAM/U0/xst_blk_mem_generator/gnativebmg.native_blk_mem_gen/valid.cstr/ramloop[0].ram.r/s6_init.ram/SP.SIMPLE_PRIM9.ram to douta<15>
                                Gate     Net
    Cell:in->out      fanout   Delay   Delay  Logical Name (Net Name)
    ----------------------------------------  ------------
     RAMB8BWER:CLKAWRCLK->DOADO15    1   1.800   0.681  ramloop[0].ram.r/s6_init.ram/SP.SIMPLE_PRIM9.ram (DOUTA<15>)
     end scope: 'BRAM/U0/xst_blk_mem_generator/gnativebmg.native_blk_mem_gen/valid.cstr:DOUTA<15>'
     end scope: 'BRAM:douta<15>'
     OBUF:I->O                 2.912          douta_15_OBUF (douta<15>)
    ----------------------------------------
    Total                      5.393ns (4.712ns logic, 0.681ns route)
                                       (87.4% logic, 12.6% route)

=========================================================================

Cross Clock Domains Report:
--------------------------

Clock to Setup on destination clock clk_100M
---------------+---------+---------+---------+---------+
               | Src:Rise| Src:Fall| Src:Rise| Src:Fall|
Source Clock   |Dest:Rise|Dest:Rise|Dest:Fall|Dest:Fall|
---------------+---------+---------+---------+---------+
clk_100M       |    2.139|         |         |         |
---------------+---------+---------+---------+---------+

=========================================================================


Total REAL time to Xst completion: 8.00 secs
Total CPU time to Xst completion: 8.02 secs
 
--> 

Total memory usage is 231268 kilobytes

Number of errors   :    0 (   0 filtered)
Number of warnings :    1 (   0 filtered)
Number of infos    :    1 (   0 filtered)

