Release 14.1 - xst P.15xf (nt64)
Copyright (c) 1995-2012 Xilinx, Inc.  All rights reserved.
--> Parameter TMPDIR set to xst/projnav.tmp


Total REAL time to Xst completion: 1.00 secs
Total CPU time to Xst completion: 0.12 secs
 
--> Parameter xsthdpdir set to xst


Total REAL time to Xst completion: 1.00 secs
Total CPU time to Xst completion: 0.12 secs
 
--> Reading design: SPI.prj

TABLE OF CONTENTS
  1) Synthesis Options Summary
  2) HDL Parsing
  3) HDL Elaboration
  4) HDL Synthesis
       4.1) HDL Synthesis Report
  5) Advanced HDL Synthesis
       5.1) Advanced HDL Synthesis Report
  6) Low Level Synthesis
  7) Partition Report
  8) Design Summary
       8.1) Primitive and Black Box Usage
       8.2) Device utilization summary
       8.3) Partition Resource Summary
       8.4) Timing Report
            8.4.1) Clock Information
            8.4.2) Asynchronous Control Signals Information
            8.4.3) Timing Summary
            8.4.4) Timing Details
            8.4.5) Cross Clock Domains Report


=========================================================================
*                      Synthesis Options Summary                        *
=========================================================================
---- Source Parameters
Input File Name                    : "SPI.prj"
Ignore Synthesis Constraint File   : NO

---- Target Parameters
Output File Name                   : "SPI"
Output Format                      : NGC
Target Device                      : xc6slx9-2-csg324

---- Source Options
Top Module Name                    : SPI
Automatic FSM Extraction           : YES
FSM Encoding Algorithm             : Auto
Safe Implementation                : No
FSM Style                          : LUT
RAM Extraction                     : Yes
RAM Style                          : Auto
ROM Extraction                     : Yes
Shift Register Extraction          : YES
ROM Style                          : Auto
Resource Sharing                   : YES
Asynchronous To Synchronous        : NO
Shift Register Minimum Size        : 2
Use DSP Block                      : Auto
Automatic Register Balancing       : No

---- Target Options
LUT Combining                      : Auto
Reduce Control Sets                : Auto
Add IO Buffers                     : YES
Global Maximum Fanout              : 100000
Add Generic Clock Buffer(BUFG)     : 16
Register Duplication               : YES
Optimize Instantiated Primitives   : NO
Use Clock Enable                   : Auto
Use Synchronous Set                : Auto
Use Synchronous Reset              : Auto
Pack IO Registers into IOBs        : Auto
Equivalent register Removal        : YES

---- General Options
Optimization Goal                  : Speed
Optimization Effort                : 1
Power Reduction                    : NO
Keep Hierarchy                     : No
Netlist Hierarchy                  : As_Optimized
RTL Output                         : Yes
Global Optimization                : AllClockNets
Read Cores                         : YES
Write Timing Constraints           : NO
Cross Clock Analysis               : NO
Hierarchy Separator                : /
Bus Delimiter                      : <>
Case Specifier                     : Maintain
Slice Utilization Ratio            : 100
BRAM Utilization Ratio             : 100
DSP48 Utilization Ratio            : 100
Auto BRAM Packing                  : NO
Slice Utilization Ratio Delta      : 5

=========================================================================


=========================================================================
*                          HDL Parsing                                  *
=========================================================================
Analyzing Verilog file "X:\0_xlinx_ISE\SPI_Slave\shift_register_v.v" into library work
Parsing module <shift_register_v>.
Analyzing Verilog file "X:\0_xlinx_ISE\SPI_Slave\SPI_Top.v" into library work
Parsing module <SPI>.

=========================================================================
*                            HDL Elaboration                            *
=========================================================================

Elaborating module <SPI>.

Elaborating module <shift_register_v>.

=========================================================================
*                           HDL Synthesis                               *
=========================================================================

Synthesizing Unit <SPI>.
    Related source file is "X:\0_xlinx_ISE\SPI_Slave\SPI_Top.v".
    Summary:
	no macro.
Unit <SPI> synthesized.

Synthesizing Unit <shift_register_v>.
    Related source file is "X:\0_xlinx_ISE\SPI_Slave\shift_register_v.v".
    Found 4-bit register for signal <ShiftCount>.
    Found 8-bit register for signal <bitShiftReg>.
    Found 4-bit adder for signal <ShiftCount[3]_GND_2_o_add_3_OUT> created at line 60.
    Summary:
	inferred   1 Adder/Subtractor(s).
	inferred  12 D-type flip-flop(s).
Unit <shift_register_v> synthesized.

=========================================================================
HDL Synthesis Report

Macro Statistics
# Adders/Subtractors                                   : 1
 4-bit adder                                           : 1
# Registers                                            : 2
 4-bit register                                        : 1
 8-bit register                                        : 1

=========================================================================

=========================================================================
*                       Advanced HDL Synthesis                          *
=========================================================================


Synthesizing (advanced) Unit <shift_register_v>.
The following registers are absorbed into counter <ShiftCount>: 1 register on signal <ShiftCount>.
Unit <shift_register_v> synthesized (advanced).

=========================================================================
Advanced HDL Synthesis Report

Macro Statistics
# Counters                                             : 1
 4-bit up counter                                      : 1
# Registers                                            : 8
 Flip-Flops                                            : 8

=========================================================================

=========================================================================
*                         Low Level Synthesis                           *
=========================================================================

Optimizing unit <SPI> ...

Optimizing unit <shift_register_v> ...

Mapping all equations...
Building and optimizing final netlist ...
Found area constraint ratio of 100 (+ 5) on block SPI, actual ratio is 0.
FlipFlop shiftregister/bitShiftReg_0 has been replicated 1 time(s) to handle iob=true attribute.

Final Macro Processing ...

=========================================================================
Final Register Report

Macro Statistics
# Registers                                            : 13
 Flip-Flops                                            : 13

=========================================================================

=========================================================================
*                           Partition Report                            *
=========================================================================

Partition Implementation Status
-------------------------------

  No Partitions were found in this design.

-------------------------------

=========================================================================
*                            Design Summary                             *
=========================================================================

Top Level Output File Name         : SPI.ngc

Primitive and Black Box Usage:
------------------------------
# BELS                             : 7
#      INV                         : 3
#      LUT2                        : 2
#      LUT3                        : 1
#      LUT4                        : 1
# FlipFlops/Latches                : 13
#      FDR                         : 4
#      FDR_1                       : 9
# Clock Buffers                    : 1
#      BUFGP                       : 1
# IO Buffers                       : 12
#      IBUF                        : 2
#      OBUF                        : 10

Device utilization summary:
---------------------------

Selected Device : 6slx9csg324-2 


Slice Logic Utilization: 
 Number of Slice Registers:              12  out of  11440     0%  
 Number of Slice LUTs:                    7  out of   5720     0%  
    Number used as Logic:                 7  out of   5720     0%  

Slice Logic Distribution: 
 Number of LUT Flip Flop pairs used:     14
   Number with an unused Flip Flop:       2  out of     14    14%  
   Number with an unused LUT:             7  out of     14    50%  
   Number of fully used LUT-FF pairs:     5  out of     14    35%  
   Number of unique control sets:         2

IO Utilization: 
 Number of IOs:                          13
 Number of bonded IOBs:                  13  out of    200     6%  
    IOB Flip Flops/Latches:               1

Specific Feature Utilization:
 Number of BUFG/BUFGCTRLs:                1  out of     16     6%  

---------------------------
Partition Resource Summary:
---------------------------

  No Partitions were found in this design.

---------------------------


=========================================================================
Timing Report

NOTE: THESE TIMING NUMBERS ARE ONLY A SYNTHESIS ESTIMATE.
      FOR ACCURATE TIMING INFORMATION PLEASE REFER TO THE TRACE REPORT
      GENERATED AFTER PLACE-and-ROUTE.

Clock Information:
------------------
-----------------------------------+------------------------+-------+
Clock Signal                       | Clock buffer(FF name)  | Load  |
-----------------------------------+------------------------+-------+
SCK                                | BUFGP                  | 13    |
-----------------------------------+------------------------+-------+

Asynchronous Control Signals Information:
----------------------------------------
No asynchronous control signals found in this design

Timing Summary:
---------------
Speed Grade: -2

   Minimum period: 2.375ns (Maximum Frequency: 421.053MHz)
   Minimum input arrival time before clock: 3.820ns
   Maximum output required time after clock: 5.213ns
   Maximum combinational path delay: No path found

Timing Details:
---------------
All values displayed in nanoseconds (ns)

=========================================================================
Timing constraint: Default period analysis for Clock 'SCK'
  Clock period: 2.375ns (frequency: 421.053MHz)
  Total number of paths / destination ports: 17 / 11
-------------------------------------------------------------------------
Delay:               2.375ns (Levels of Logic = 1)
  Source:            shiftregister/ShiftCount_0 (FF)
  Destination:       shiftregister/ShiftCount_0 (FF)
  Source Clock:      SCK falling
  Destination Clock: SCK falling

  Data Path: shiftregister/ShiftCount_0 to shiftregister/ShiftCount_0
                                Gate     Net
    Cell:in->out      fanout   Delay   Delay  Logical Name (Net Name)
    ----------------------------------------  ------------
     FDR:C->Q              5   0.525   0.840  shiftregister/ShiftCount_0 (shiftregister/ShiftCount_0)
     INV:I->O              1   0.255   0.681  shiftregister/Mcount_ShiftCount_xor<0>11_INV_0 (shiftregister/Result<0>)
     FDR:D                     0.074          shiftregister/ShiftCount_0
    ----------------------------------------
    Total                      2.375ns (0.854ns logic, 1.521ns route)
                                       (36.0% logic, 64.0% route)

=========================================================================
Timing constraint: Default OFFSET IN BEFORE for Clock 'SCK'
  Total number of paths / destination ports: 15 / 15
-------------------------------------------------------------------------
Offset:              3.820ns (Levels of Logic = 2)
  Source:            SS (PAD)
  Destination:       shiftregister/ShiftCount_3 (FF)
  Destination Clock: SCK falling

  Data Path: SS to shiftregister/ShiftCount_3
                                Gate     Net
    Cell:in->out      fanout   Delay   Delay  Logical Name (Net Name)
    ----------------------------------------  ------------
     IBUF:I->O             1   1.328   0.681  SS_IBUF (SS_IBUF)
     INV:I->O             13   0.255   1.097  shiftregister/SS_inv1_INV_0 (shiftregister/SS_inv)
     FDR_1:R                   0.459          shiftregister/bitShiftReg_0
    ----------------------------------------
    Total                      3.820ns (2.042ns logic, 1.778ns route)
                                       (53.5% logic, 46.5% route)

=========================================================================
Timing constraint: Default OFFSET OUT AFTER for Clock 'SCK'
  Total number of paths / destination ports: 11 / 10
-------------------------------------------------------------------------
Offset:              5.213ns (Levels of Logic = 2)
  Source:            shiftregister/ShiftCount_0 (FF)
  Destination:       SSPIF (PAD)
  Source Clock:      SCK falling

  Data Path: shiftregister/ShiftCount_0 to SSPIF
                                Gate     Net
    Cell:in->out      fanout   Delay   Delay  Logical Name (Net Name)
    ----------------------------------------  ------------
     FDR:C->Q              5   0.525   0.841  shiftregister/ShiftCount_0 (shiftregister/ShiftCount_0)
     LUT2:I1->O            1   0.254   0.681  shiftregister/SSPIF1 (SSPIF_OBUF)
     OBUF:I->O                 2.912          SSPIF_OBUF (SSPIF)
    ----------------------------------------
    Total                      5.213ns (3.691ns logic, 1.522ns route)
                                       (70.8% logic, 29.2% route)

=========================================================================

Cross Clock Domains Report:
--------------------------

Clock to Setup on destination clock SCK
---------------+---------+---------+---------+---------+
               | Src:Rise| Src:Fall| Src:Rise| Src:Fall|
Source Clock   |Dest:Rise|Dest:Rise|Dest:Fall|Dest:Fall|
---------------+---------+---------+---------+---------+
SCK            |         |         |    2.375|         |
---------------+---------+---------+---------+---------+

=========================================================================


Total REAL time to Xst completion: 8.00 secs
Total CPU time to Xst completion: 7.43 secs
 
--> 

Total memory usage is 231268 kilobytes

Number of errors   :    0 (   0 filtered)
Number of warnings :    0 (   0 filtered)
Number of infos    :    0 (   0 filtered)

