Release 14.1 - xst P.15xf (nt64)
Copyright (c) 1995-2012 Xilinx, Inc.  All rights reserved.
--> Parameter TMPDIR set to xst/projnav.tmp


Total REAL time to Xst completion: 0.00 secs
Total CPU time to Xst completion: 0.12 secs
 
--> Parameter xsthdpdir set to xst


Total REAL time to Xst completion: 0.00 secs
Total CPU time to Xst completion: 0.12 secs
 
--> Reading design: SPI_Top.prj

TABLE OF CONTENTS
  1) Synthesis Options Summary
  2) HDL Parsing
  3) HDL Elaboration
  4) HDL Synthesis
       4.1) HDL Synthesis Report
  5) Advanced HDL Synthesis
       5.1) Advanced HDL Synthesis Report
  6) Low Level Synthesis
  7) Partition Report
  8) Design Summary
       8.1) Primitive and Black Box Usage
       8.2) Device utilization summary
       8.3) Partition Resource Summary
       8.4) Timing Report
            8.4.1) Clock Information
            8.4.2) Asynchronous Control Signals Information
            8.4.3) Timing Summary
            8.4.4) Timing Details
            8.4.5) Cross Clock Domains Report


=========================================================================
*                      Synthesis Options Summary                        *
=========================================================================
---- Source Parameters
Input File Name                    : "SPI_Top.prj"
Ignore Synthesis Constraint File   : NO

---- Target Parameters
Output File Name                   : "SPI_Top"
Output Format                      : NGC
Target Device                      : xc6slx9-2-csg324

---- Source Options
Top Module Name                    : SPI_Top
Automatic FSM Extraction           : YES
FSM Encoding Algorithm             : Auto
Safe Implementation                : No
FSM Style                          : LUT
RAM Extraction                     : Yes
RAM Style                          : Auto
ROM Extraction                     : Yes
Shift Register Extraction          : YES
ROM Style                          : Auto
Resource Sharing                   : YES
Asynchronous To Synchronous        : NO
Shift Register Minimum Size        : 2
Use DSP Block                      : Auto
Automatic Register Balancing       : No

---- Target Options
LUT Combining                      : Auto
Reduce Control Sets                : Auto
Add IO Buffers                     : YES
Global Maximum Fanout              : 100000
Add Generic Clock Buffer(BUFG)     : 16
Register Duplication               : YES
Optimize Instantiated Primitives   : NO
Use Clock Enable                   : Auto
Use Synchronous Set                : Auto
Use Synchronous Reset              : Auto
Pack IO Registers into IOBs        : Auto
Equivalent register Removal        : YES

---- General Options
Optimization Goal                  : Speed
Optimization Effort                : 1
Power Reduction                    : NO
Keep Hierarchy                     : No
Netlist Hierarchy                  : As_Optimized
RTL Output                         : Yes
Global Optimization                : AllClockNets
Read Cores                         : YES
Write Timing Constraints           : NO
Cross Clock Analysis               : NO
Hierarchy Separator                : /
Bus Delimiter                      : <>
Case Specifier                     : Maintain
Slice Utilization Ratio            : 100
BRAM Utilization Ratio             : 100
DSP48 Utilization Ratio            : 100
Auto BRAM Packing                  : NO
Slice Utilization Ratio Delta      : 5

=========================================================================


=========================================================================
*                          HDL Parsing                                  *
=========================================================================
Analyzing Verilog file "X:\0_xlinx_ISE\SPI_Slave\shift_register_v.v" into library work
Parsing module <shift_register_v>.
Analyzing Verilog file "X:\0_xlinx_ISE\SPI_Slave\SPI_Top.v" into library work
Parsing module <SPI_Top>.

=========================================================================
*                            HDL Elaboration                            *
=========================================================================

Elaborating module <SPI_Top>.

Elaborating module <shift_register_v>.

=========================================================================
*                           HDL Synthesis                               *
=========================================================================

Synthesizing Unit <SPI_Top>.
    Related source file is "X:\0_xlinx_ISE\SPI_Slave\SPI_Top.v".
    Summary:
	no macro.
Unit <SPI_Top> synthesized.

Synthesizing Unit <shift_register_v>.
    Related source file is "X:\0_xlinx_ISE\SPI_Slave\shift_register_v.v".
    Found 8-bit register for signal <bitShiftReg>.
    Summary:
	inferred   8 D-type flip-flop(s).
	inferred   1 Multiplexer(s).
Unit <shift_register_v> synthesized.

=========================================================================
HDL Synthesis Report

Macro Statistics
# Registers                                            : 1
 8-bit register                                        : 1
# Multiplexers                                         : 1
 1-bit 2-to-1 multiplexer                              : 1

=========================================================================

=========================================================================
*                       Advanced HDL Synthesis                          *
=========================================================================


=========================================================================
Advanced HDL Synthesis Report

Macro Statistics
# Registers                                            : 8
 Flip-Flops                                            : 8

=========================================================================

=========================================================================
*                         Low Level Synthesis                           *
=========================================================================

Optimizing unit <SPI_Top> ...

Optimizing unit <shift_register_v> ...

Mapping all equations...
Building and optimizing final netlist ...
Found area constraint ratio of 100 (+ 5) on block SPI_Top, actual ratio is 0.
FlipFlop shiftregister/bitShiftReg_0 has been replicated 1 time(s) to handle iob=true attribute.

Final Macro Processing ...

Processing Unit <SPI_Top> :
	Found 2-bit shift register for signal <shiftregister/bitShiftReg_1>.
Unit <SPI_Top> processed.

=========================================================================
Final Register Report

Macro Statistics
# Registers                                            : 7
 Flip-Flops                                            : 7
# Shift Registers                                      : 1
 2-bit shift register                                  : 1

=========================================================================

=========================================================================
*                           Partition Report                            *
=========================================================================

Partition Implementation Status
-------------------------------

  No Partitions were found in this design.

-------------------------------

=========================================================================
*                            Design Summary                             *
=========================================================================

Top Level Output File Name         : SPI_Top.ngc

Primitive and Black Box Usage:
------------------------------
# BELS                             : 4
#      GND                         : 1
#      INV                         : 1
#      LUT2                        : 1
#      VCC                         : 1
# FlipFlops/Latches                : 8
#      FD_1                        : 7
#      FDE                         : 1
# Shift Registers                  : 1
#      SRLC16E                     : 1
# IO Buffers                       : 12
#      IBUF                        : 3
#      OBUF                        : 9

Device utilization summary:
---------------------------

Selected Device : 6slx9csg324-2 


Slice Logic Utilization: 
 Number of Slice Registers:               7  out of  11440     0%  
 Number of Slice LUTs:                    3  out of   5720     0%  
    Number used as Logic:                 2  out of   5720     0%  
    Number used as Memory:                1  out of   1440     0%  
       Number used as SRL:                1

Slice Logic Distribution: 
 Number of LUT Flip Flop pairs used:     10
   Number with an unused Flip Flop:       3  out of     10    30%  
   Number with an unused LUT:             7  out of     10    70%  
   Number of fully used LUT-FF pairs:     0  out of     10     0%  
   Number of unique control sets:         2

IO Utilization: 
 Number of IOs:                          12
 Number of bonded IOBs:                  12  out of    200     6%  
    IOB Flip Flops/Latches:               1

Specific Feature Utilization:

---------------------------
Partition Resource Summary:
---------------------------

  No Partitions were found in this design.

---------------------------


=========================================================================
Timing Report

NOTE: THESE TIMING NUMBERS ARE ONLY A SYNTHESIS ESTIMATE.
      FOR ACCURATE TIMING INFORMATION PLEASE REFER TO THE TRACE REPORT
      GENERATED AFTER PLACE-and-ROUTE.

Clock Information:
------------------
-------------------------------------------------------+-------------------------------------+-------+
Clock Signal                                           | Clock buffer(FF name)               | Load  |
-------------------------------------------------------+-------------------------------------+-------+
shiftregister/ShiftClk(shiftregister/Mmux_ShiftClk11:O)| NONE(*)(shiftregister/bitShiftReg_7)| 9     |
-------------------------------------------------------+-------------------------------------+-------+
(*) This 1 clock signal(s) are generated by combinatorial logic,
and XST is not able to identify which are the primary clock signals.
Please use the CLOCK_SIGNAL constraint to specify the clock signal(s) generated by combinatorial logic.
INFO:Xst:2169 - HDL ADVISOR - Some clock signals were not automatically buffered by XST with BUFG/BUFR resources. Please use the buffer_type constraint in order to insert these buffers to the clock signals to help prevent skew problems.

Asynchronous Control Signals Information:
----------------------------------------
No asynchronous control signals found in this design

Timing Summary:
---------------
Speed Grade: -2

   Minimum period: 1.820ns (Maximum Frequency: 549.451MHz)
   Minimum input arrival time before clock: 2.127ns
   Maximum output required time after clock: 4.162ns
   Maximum combinational path delay: No path found

Timing Details:
---------------
All values displayed in nanoseconds (ns)

=========================================================================
Timing constraint: Default period analysis for Clock 'shiftregister/ShiftClk'
  Clock period: 1.820ns (frequency: 549.451MHz)
  Total number of paths / destination ports: 7 / 7
-------------------------------------------------------------------------
Delay:               1.820ns (Levels of Logic = 0)
  Source:            shiftregister/Mshreg_bitShiftReg_1 (FF)
  Destination:       shiftregister/bitShiftReg_1 (FF)
  Source Clock:      shiftregister/ShiftClk falling
  Destination Clock: shiftregister/ShiftClk falling

  Data Path: shiftregister/Mshreg_bitShiftReg_1 to shiftregister/bitShiftReg_1
                                Gate     Net
    Cell:in->out      fanout   Delay   Delay  Logical Name (Net Name)
    ----------------------------------------  ------------
     SRLC16E:CLK->Q        1   1.746   0.000  shiftregister/Mshreg_bitShiftReg_1 (shiftregister/Mshreg_bitShiftReg_1)
     FDE:D                     0.074          shiftregister/bitShiftReg_1
    ----------------------------------------
    Total                      1.820ns (1.820ns logic, 0.000ns route)
                                       (100.0% logic, 0.0% route)

=========================================================================
Timing constraint: Default OFFSET IN BEFORE for Clock 'shiftregister/ShiftClk'
  Total number of paths / destination ports: 2 / 2
-------------------------------------------------------------------------
Offset:              2.127ns (Levels of Logic = 1)
  Source:            SDI (PAD)
  Destination:       shiftregister/bitShiftReg_0_1 (FF)
  Destination Clock: shiftregister/ShiftClk falling

  Data Path: SDI to shiftregister/bitShiftReg_0_1
                                Gate     Net
    Cell:in->out      fanout   Delay   Delay  Logical Name (Net Name)
    ----------------------------------------  ------------
     IBUF:I->O             2   1.328   0.725  SDI_IBUF (SDI_IBUF)
     FD_1:D                    0.074          shiftregister/bitShiftReg_0_1
    ----------------------------------------
    Total                      2.127ns (1.402ns logic, 0.725ns route)
                                       (65.9% logic, 34.1% route)

=========================================================================
Timing constraint: Default OFFSET OUT AFTER for Clock 'shiftregister/ShiftClk'
  Total number of paths / destination ports: 9 / 9
-------------------------------------------------------------------------
Offset:              4.162ns (Levels of Logic = 1)
  Source:            shiftregister/bitShiftReg_7 (FF)
  Destination:       Byte<0> (PAD)
  Source Clock:      shiftregister/ShiftClk falling

  Data Path: shiftregister/bitShiftReg_7 to Byte<0>
                                Gate     Net
    Cell:in->out      fanout   Delay   Delay  Logical Name (Net Name)
    ----------------------------------------  ------------
     FD_1:C->Q             2   0.525   0.725  shiftregister/bitShiftReg_7 (shiftregister/bitShiftReg_7)
     OBUF:I->O                 2.912          Byte_0_OBUF (Byte<0>)
    ----------------------------------------
    Total                      4.162ns (3.437ns logic, 0.725ns route)
                                       (82.6% logic, 17.4% route)

=========================================================================

Cross Clock Domains Report:
--------------------------

Clock to Setup on destination clock shiftregister/ShiftClk
----------------------+---------+---------+---------+---------+
                      | Src:Rise| Src:Fall| Src:Rise| Src:Fall|
Source Clock          |Dest:Rise|Dest:Rise|Dest:Fall|Dest:Fall|
----------------------+---------+---------+---------+---------+
shiftregister/ShiftClk|         |         |    1.820|         |
----------------------+---------+---------+---------+---------+

=========================================================================


Total REAL time to Xst completion: 7.00 secs
Total CPU time to Xst completion: 6.88 secs
 
--> 

Total memory usage is 231268 kilobytes

Number of errors   :    0 (   0 filtered)
Number of warnings :    0 (   0 filtered)
Number of infos    :    1 (   0 filtered)

