Release 14.1 - xst P.15xf (nt64)
Copyright (c) 1995-2012 Xilinx, Inc.  All rights reserved.
--> Parameter TMPDIR set to xst/projnav.tmp


Total REAL time to Xst completion: 0.00 secs
Total CPU time to Xst completion: 0.11 secs
 
--> Parameter xsthdpdir set to xst


Total REAL time to Xst completion: 0.00 secs
Total CPU time to Xst completion: 0.11 secs
 
--> Reading design: ANCDataMem_V.prj

TABLE OF CONTENTS
  1) Synthesis Options Summary
  2) HDL Parsing
  3) HDL Elaboration
  4) HDL Synthesis
       4.1) HDL Synthesis Report
  5) Advanced HDL Synthesis
       5.1) Advanced HDL Synthesis Report
  6) Low Level Synthesis
  7) Partition Report
  8) Design Summary
       8.1) Primitive and Black Box Usage
       8.2) Device utilization summary
       8.3) Partition Resource Summary
       8.4) Timing Report
            8.4.1) Clock Information
            8.4.2) Asynchronous Control Signals Information
            8.4.3) Timing Summary
            8.4.4) Timing Details
            8.4.5) Cross Clock Domains Report


=========================================================================
*                      Synthesis Options Summary                        *
=========================================================================
---- Source Parameters
Input File Name                    : "ANCDataMem_V.prj"
Ignore Synthesis Constraint File   : NO

---- Target Parameters
Output File Name                   : "ANCDataMem_V"
Output Format                      : NGC
Target Device                      : xc6slx9-2-csg324

---- Source Options
Top Module Name                    : ANCDataMem_V
Automatic FSM Extraction           : YES
FSM Encoding Algorithm             : Auto
Safe Implementation                : No
FSM Style                          : LUT
RAM Extraction                     : Yes
RAM Style                          : Auto
ROM Extraction                     : Yes
Shift Register Extraction          : YES
ROM Style                          : Auto
Resource Sharing                   : YES
Asynchronous To Synchronous        : NO
Shift Register Minimum Size        : 2
Use DSP Block                      : Auto
Automatic Register Balancing       : No

---- Target Options
LUT Combining                      : Auto
Reduce Control Sets                : Auto
Add IO Buffers                     : YES
Global Maximum Fanout              : 100000
Add Generic Clock Buffer(BUFG)     : 16
Register Duplication               : YES
Optimize Instantiated Primitives   : NO
Use Clock Enable                   : Auto
Use Synchronous Set                : Auto
Use Synchronous Reset              : Auto
Pack IO Registers into IOBs        : Auto
Equivalent register Removal        : YES

---- General Options
Optimization Goal                  : Speed
Optimization Effort                : 1
Power Reduction                    : NO
Keep Hierarchy                     : No
Netlist Hierarchy                  : As_Optimized
RTL Output                         : Yes
Global Optimization                : AllClockNets
Read Cores                         : YES
Write Timing Constraints           : NO
Cross Clock Analysis               : NO
Hierarchy Separator                : /
Bus Delimiter                      : <>
Case Specifier                     : Maintain
Slice Utilization Ratio            : 100
BRAM Utilization Ratio             : 100
DSP48 Utilization Ratio            : 100
Auto BRAM Packing                  : NO
Slice Utilization Ratio Delta      : 5

---- Other Options
Cores Search Directories           : {"ipcore_dir"  }

=========================================================================


=========================================================================
*                          HDL Parsing                                  *
=========================================================================
Analyzing Verilog file "X:\0_xlinx_ISE\ANC_Top_2.0\ipcore_dir\BlockRam.v" into library work
Parsing module <BlockRam>.
Analyzing Verilog file "X:\0_xlinx_ISE\ANC_Top_2.0\ANCDataMem_V.v" into library work
Parsing module <ANCDataMem_V>.

=========================================================================
*                            HDL Elaboration                            *
=========================================================================

Elaborating module <ANCDataMem_V>.

Elaborating module <BlockRam>.
WARNING:HDLCompiler:1499 - "X:\0_xlinx_ISE\ANC_Top_2.0\ipcore_dir\BlockRam.v" Line 39: Empty module <BlockRam> remains a black box.

=========================================================================
*                           HDL Synthesis                               *
=========================================================================

Synthesizing Unit <ANCDataMem_V>.
    Related source file is "X:\0_xlinx_ISE\ANC_Top_2.0\ANCDataMem_V.v".
    Found 1-bit register for signal <RamShiftENOld>.
    Found 1-bit register for signal <FiltENOld>.
    Found 8-bit register for signal <Control>.
    Found 11-bit register for signal <SPIData_reg>.
    Found 8-bit subtractor for signal <Control[7]_GND_1_o_sub_12_OUT> created at line 90.
    Found 7-bit adder for signal <AddSel_w[6]_GND_1_o_add_2_OUT> created at line 70.
    Summary:
	inferred   2 Adder/Subtractor(s).
	inferred  21 D-type flip-flop(s).
	inferred   4 Multiplexer(s).
Unit <ANCDataMem_V> synthesized.

=========================================================================
HDL Synthesis Report

Macro Statistics
# Adders/Subtractors                                   : 2
 7-bit adder                                           : 1
 8-bit subtractor                                      : 1
# Registers                                            : 4
 1-bit register                                        : 2
 11-bit register                                       : 1
 8-bit register                                        : 1
# Multiplexers                                         : 4
 11-bit 2-to-1 multiplexer                             : 1
 16-bit 2-to-1 multiplexer                             : 1
 7-bit 2-to-1 multiplexer                              : 2

=========================================================================

=========================================================================
*                       Advanced HDL Synthesis                          *
=========================================================================

Reading core <ipcore_dir/BlockRam.ngc>.
Loading core <BlockRam> for timing and area information for instance <DataRam>.

Synthesizing (advanced) Unit <ANCDataMem_V>.
The following registers are absorbed into counter <Control>: 1 register on signal <Control>.
Unit <ANCDataMem_V> synthesized (advanced).

=========================================================================
Advanced HDL Synthesis Report

Macro Statistics
# Adders/Subtractors                                   : 1
 7-bit adder                                           : 1
# Counters                                             : 1
 8-bit down counter                                    : 1
# Registers                                            : 13
 Flip-Flops                                            : 13
# Multiplexers                                         : 4
 11-bit 2-to-1 multiplexer                             : 1
 16-bit 2-to-1 multiplexer                             : 1
 7-bit 2-to-1 multiplexer                              : 2

=========================================================================

=========================================================================
*                         Low Level Synthesis                           *
=========================================================================

Optimizing unit <ANCDataMem_V> ...

Mapping all equations...
Building and optimizing final netlist ...
Found area constraint ratio of 100 (+ 5) on block ANCDataMem_V, actual ratio is 1.

Final Macro Processing ...

=========================================================================
Final Register Report

Macro Statistics
# Registers                                            : 21
 Flip-Flops                                            : 21

=========================================================================

=========================================================================
*                           Partition Report                            *
=========================================================================

Partition Implementation Status
-------------------------------

  No Partitions were found in this design.

-------------------------------

=========================================================================
*                            Design Summary                             *
=========================================================================

Top Level Output File Name         : ANCDataMem_V.ngc

Primitive and Black Box Usage:
------------------------------
# BELS                             : 70
#      GND                         : 3
#      INV                         : 7
#      LUT1                        : 1
#      LUT2                        : 14
#      LUT3                        : 2
#      LUT4                        : 13
#      LUT5                        : 4
#      LUT6                        : 9
#      MUXCY                       : 7
#      VCC                         : 2
#      XORCY                       : 8
# FlipFlops/Latches                : 21
#      FD_1                        : 2
#      FDR                         : 14
#      FDS                         : 5
# RAMS                             : 1
#      RAMB8BWER                   : 1
# Clock Buffers                    : 2
#      BUFG                        : 2
# IO Buffers                       : 26
#      IBUF                        : 15
#      OBUF                        : 11

Device utilization summary:
---------------------------

Selected Device : 6slx9csg324-2 


Slice Logic Utilization: 
 Number of Slice Registers:              10  out of  11440     0%  
 Number of Slice LUTs:                   50  out of   5720     0%  
    Number used as Logic:                50  out of   5720     0%  

Slice Logic Distribution: 
 Number of LUT Flip Flop pairs used:     52
   Number with an unused Flip Flop:      42  out of     52    80%  
   Number with an unused LUT:             2  out of     52     3%  
   Number of fully used LUT-FF pairs:     8  out of     52    15%  
   Number of unique control sets:         3

IO Utilization: 
 Number of IOs:                          26
 Number of bonded IOBs:                  26  out of    200    13%  
    IOB Flip Flops/Latches:              11

Specific Feature Utilization:
 Number of Block RAM/FIFO:                1  out of     32     3%  
    Number using Block RAM only:          1
 Number of BUFG/BUFGCTRLs:                2  out of     16    12%  

---------------------------
Partition Resource Summary:
---------------------------

  No Partitions were found in this design.

---------------------------


=========================================================================
Timing Report

NOTE: THESE TIMING NUMBERS ARE ONLY A SYNTHESIS ESTIMATE.
      FOR ACCURATE TIMING INFORMATION PLEASE REFER TO THE TRACE REPORT
      GENERATED AFTER PLACE-and-ROUTE.

Clock Information:
------------------
-----------------------------------+------------------------+-------+
Clock Signal                       | Clock buffer(FF name)  | Load  |
-----------------------------------+------------------------+-------+
Clk_100M                           | IBUF+BUFG              | 3     |
RamShiftEN                         | IBUF+BUFG              | 11    |
Clk(Clk1:O)                        | NONE(*)(Control_0)     | 8     |
-----------------------------------+------------------------+-------+
(*) This 1 clock signal(s) are generated by combinatorial logic,
and XST is not able to identify which are the primary clock signals.
Please use the CLOCK_SIGNAL constraint to specify the clock signal(s) generated by combinatorial logic.
INFO:Xst:2169 - HDL ADVISOR - Some clock signals were not automatically buffered by XST with BUFG/BUFR resources. Please use the buffer_type constraint in order to insert these buffers to the clock signals to help prevent skew problems.

Asynchronous Control Signals Information:
----------------------------------------
No asynchronous control signals found in this design

Timing Summary:
---------------
Speed Grade: -2

   Minimum period: 4.061ns (Maximum Frequency: 246.245MHz)
   Minimum input arrival time before clock: 5.724ns
   Maximum output required time after clock: 6.673ns
   Maximum combinational path delay: 6.782ns

Timing Details:
---------------
All values displayed in nanoseconds (ns)

=========================================================================
Timing constraint: Default period analysis for Clock 'Clk'
  Clock period: 2.358ns (frequency: 424.178MHz)
  Total number of paths / destination ports: 36 / 8
-------------------------------------------------------------------------
Delay:               2.358ns (Levels of Logic = 9)
  Source:            Control_0 (FF)
  Destination:       Control_7 (FF)
  Source Clock:      Clk rising
  Destination Clock: Clk rising

  Data Path: Control_0 to Control_7
                                Gate     Net
    Cell:in->out      fanout   Delay   Delay  Logical Name (Net Name)
    ----------------------------------------  ------------
     FDR:C->Q              8   0.525   0.944  Control_0 (Control_0)
     LUT1:I0->O            1   0.254   0.000  Mcount_Control_cy<0>_rt (Mcount_Control_cy<0>_rt)
     MUXCY:S->O            1   0.215   0.000  Mcount_Control_cy<0> (Mcount_Control_cy<0>)
     MUXCY:CI->O           1   0.023   0.000  Mcount_Control_cy<1> (Mcount_Control_cy<1>)
     MUXCY:CI->O           1   0.023   0.000  Mcount_Control_cy<2> (Mcount_Control_cy<2>)
     MUXCY:CI->O           1   0.023   0.000  Mcount_Control_cy<3> (Mcount_Control_cy<3>)
     MUXCY:CI->O           1   0.023   0.000  Mcount_Control_cy<4> (Mcount_Control_cy<4>)
     MUXCY:CI->O           1   0.023   0.000  Mcount_Control_cy<5> (Mcount_Control_cy<5>)
     MUXCY:CI->O           0   0.023   0.000  Mcount_Control_cy<6> (Mcount_Control_cy<6>)
     XORCY:CI->O           1   0.206   0.000  Mcount_Control_xor<7> (Result<7>)
     FDS:D                     0.074          Control_7
    ----------------------------------------
    Total                      2.358ns (1.414ns logic, 0.944ns route)
                                       (60.0% logic, 40.0% route)

=========================================================================
Timing constraint: Default period analysis for Clock 'Clk_100M'
  Clock period: 4.061ns (frequency: 246.245MHz)
  Total number of paths / destination ports: 11 / 11
-------------------------------------------------------------------------
Delay:               4.061ns (Levels of Logic = 3)
  Source:            DataRam/U0/xst_blk_mem_generator/gnativebmg.native_blk_mem_gen/valid.cstr/ramloop[0].ram.r/s6_init.ram/SP.WIDE_PRIM9.ram (RAM)
  Destination:       DataRam/U0/xst_blk_mem_generator/gnativebmg.native_blk_mem_gen/valid.cstr/ramloop[0].ram.r/s6_init.ram/SP.WIDE_PRIM9.ram (RAM)
  Source Clock:      Clk_100M rising
  Destination Clock: Clk_100M rising

  Data Path: DataRam/U0/xst_blk_mem_generator/gnativebmg.native_blk_mem_gen/valid.cstr/ramloop[0].ram.r/s6_init.ram/SP.WIDE_PRIM9.ram to DataRam/U0/xst_blk_mem_generator/gnativebmg.native_blk_mem_gen/valid.cstr/ramloop[0].ram.r/s6_init.ram/SP.WIDE_PRIM9.ram
                                Gate     Net
    Cell:in->out      fanout   Delay   Delay  Logical Name (Net Name)
    ----------------------------------------  ------------
     RAMB8BWER:CLKBRDCLK->DOBDO2    2   2.100   0.726  ramloop[0].ram.r/s6_init.ram/SP.WIDE_PRIM9.ram (DOUTA<10>)
     end scope: 'DataRam/U0/xst_blk_mem_generator/gnativebmg.native_blk_mem_gen/valid.cstr:DOUTA<10>'
     end scope: 'DataRam:douta<10>'
     LUT4:I3->O            1   0.254   0.681  Mmux_Data_dina21 (Data_dina<10>)
     begin scope: 'DataRam:dina<10>'
     begin scope: 'DataRam/U0/xst_blk_mem_generator/gnativebmg.native_blk_mem_gen/valid.cstr:DINA<10>'
     RAMB8BWER:DIBDI2          0.300          ramloop[0].ram.r/s6_init.ram/SP.WIDE_PRIM9.ram
    ----------------------------------------
    Total                      4.061ns (2.654ns logic, 1.407ns route)
                                       (65.4% logic, 34.6% route)

=========================================================================
Timing constraint: Default OFFSET IN BEFORE for Clock 'Clk_100M'
  Total number of paths / destination ports: 35 / 33
-------------------------------------------------------------------------
Offset:              5.724ns (Levels of Logic = 4)
  Source:            FilterEN (PAD)
  Destination:       DataRam/U0/xst_blk_mem_generator/gnativebmg.native_blk_mem_gen/valid.cstr/ramloop[0].ram.r/s6_init.ram/SP.WIDE_PRIM9.ram (RAM)
  Destination Clock: Clk_100M rising

  Data Path: FilterEN to DataRam/U0/xst_blk_mem_generator/gnativebmg.native_blk_mem_gen/valid.cstr/ramloop[0].ram.r/s6_init.ram/SP.WIDE_PRIM9.ram
                                Gate     Net
    Cell:in->out      fanout   Delay   Delay  Logical Name (Net Name)
    ----------------------------------------  ------------
     IBUF:I->O            31   1.328   1.611  FilterEN_IBUF (FilterEN_IBUF)
     LUT3:I1->O            2   0.250   1.156  AddSel1 (AddSel)
     LUT6:I1->O            2   0.254   0.725  Mmux_Data_addra51 (Data_addra<4>)
     begin scope: 'DataRam:addra<4>'
     begin scope: 'DataRam/U0/xst_blk_mem_generator/gnativebmg.native_blk_mem_gen/valid.cstr:ADDRA<4>'
     RAMB8BWER:ADDRAWRADDR9        0.400          ramloop[0].ram.r/s6_init.ram/SP.WIDE_PRIM9.ram
    ----------------------------------------
    Total                      5.724ns (2.232ns logic, 3.492ns route)
                                       (39.0% logic, 61.0% route)

=========================================================================
Timing constraint: Default OFFSET IN BEFORE for Clock 'RamShiftEN'
  Total number of paths / destination ports: 22 / 22
-------------------------------------------------------------------------
Offset:              2.884ns (Levels of Logic = 1)
  Source:            Reset (PAD)
  Destination:       SPIData_reg_0 (FF)
  Destination Clock: RamShiftEN rising

  Data Path: Reset to SPIData_reg_0
                                Gate     Net
    Cell:in->out      fanout   Delay   Delay  Logical Name (Net Name)
    ----------------------------------------  ------------
     IBUF:I->O            13   1.328   1.097  Reset_IBUF (Reset_IBUF)
     FDR:R                     0.459          SPIData_reg_0
    ----------------------------------------
    Total                      2.884ns (1.787ns logic, 1.097ns route)
                                       (62.0% logic, 38.0% route)

=========================================================================
Timing constraint: Default OFFSET IN BEFORE for Clock 'Clk'
  Total number of paths / destination ports: 8 / 8
-------------------------------------------------------------------------
Offset:              4.082ns (Levels of Logic = 2)
  Source:            Reset (PAD)
  Destination:       Control_0 (FF)
  Destination Clock: Clk rising

  Data Path: Reset to Control_0
                                Gate     Net
    Cell:in->out      fanout   Delay   Delay  Logical Name (Net Name)
    ----------------------------------------  ------------
     IBUF:I->O            13   1.328   1.098  Reset_IBUF (Reset_IBUF)
     LUT3:I2->O            8   0.254   0.943  ENOld_inv1 (ENOld_inv)
     FDR:R                     0.459          Control_0
    ----------------------------------------
    Total                      4.082ns (2.041ns logic, 2.041ns route)
                                       (50.0% logic, 50.0% route)

=========================================================================
Timing constraint: Default OFFSET OUT AFTER for Clock 'Clk_100M'
  Total number of paths / destination ports: 11 / 11
-------------------------------------------------------------------------
Offset:              6.673ns (Levels of Logic = 3)
  Source:            DataRam/U0/xst_blk_mem_generator/gnativebmg.native_blk_mem_gen/valid.cstr/ramloop[0].ram.r/s6_init.ram/SP.WIDE_PRIM9.ram (RAM)
  Destination:       DataOut<10> (PAD)
  Source Clock:      Clk_100M rising

  Data Path: DataRam/U0/xst_blk_mem_generator/gnativebmg.native_blk_mem_gen/valid.cstr/ramloop[0].ram.r/s6_init.ram/SP.WIDE_PRIM9.ram to DataOut<10>
                                Gate     Net
    Cell:in->out      fanout   Delay   Delay  Logical Name (Net Name)
    ----------------------------------------  ------------
     RAMB8BWER:CLKBRDCLK->DOBDO2    2   2.100   0.726  ramloop[0].ram.r/s6_init.ram/SP.WIDE_PRIM9.ram (DOUTA<10>)
     end scope: 'DataRam/U0/xst_blk_mem_generator/gnativebmg.native_blk_mem_gen/valid.cstr:DOUTA<10>'
     end scope: 'DataRam:douta<10>'
     LUT2:I1->O            1   0.254   0.681  Mmux_DataOut21 (DataOut_10_OBUF)
     OBUF:I->O                 2.912          DataOut_10_OBUF (DataOut<10>)
    ----------------------------------------
    Total                      6.673ns (5.266ns logic, 1.407ns route)
                                       (78.9% logic, 21.1% route)

=========================================================================
Timing constraint: Default path analysis
  Total number of paths / destination ports: 11 / 11
-------------------------------------------------------------------------
Delay:               6.782ns (Levels of Logic = 3)
  Source:            FilterEN (PAD)
  Destination:       DataOut<10> (PAD)

  Data Path: FilterEN to DataOut<10>
                                Gate     Net
    Cell:in->out      fanout   Delay   Delay  Logical Name (Net Name)
    ----------------------------------------  ------------
     IBUF:I->O            31   1.328   1.611  FilterEN_IBUF (FilterEN_IBUF)
     LUT2:I0->O            1   0.250   0.681  Mmux_DataOut111 (DataOut_9_OBUF)
     OBUF:I->O                 2.912          DataOut_9_OBUF (DataOut<9>)
    ----------------------------------------
    Total                      6.782ns (4.490ns logic, 2.292ns route)
                                       (66.2% logic, 33.8% route)

=========================================================================

Cross Clock Domains Report:
--------------------------

Clock to Setup on destination clock Clk
---------------+---------+---------+---------+---------+
               | Src:Rise| Src:Fall| Src:Rise| Src:Fall|
Source Clock   |Dest:Rise|Dest:Rise|Dest:Fall|Dest:Fall|
---------------+---------+---------+---------+---------+
Clk            |    2.358|         |         |         |
Clk_100M       |         |    3.072|         |         |
---------------+---------+---------+---------+---------+

Clock to Setup on destination clock Clk_100M
---------------+---------+---------+---------+---------+
               | Src:Rise| Src:Fall| Src:Rise| Src:Fall|
Source Clock   |Dest:Rise|Dest:Rise|Dest:Fall|Dest:Fall|
---------------+---------+---------+---------+---------+
Clk            |    6.815|         |         |         |
Clk_100M       |    4.061|         |         |         |
RamShiftEN     |    2.651|         |         |         |
---------------+---------+---------+---------+---------+

=========================================================================


Total REAL time to Xst completion: 9.00 secs
Total CPU time to Xst completion: 8.28 secs
 
--> 

Total memory usage is 231268 kilobytes

Number of errors   :    0 (   0 filtered)
Number of warnings :    1 (   0 filtered)
Number of infos    :    1 (   0 filtered)

