Release 14.1 Map P.15xf (nt64)
Xilinx Mapping Report File for Design 'ANCTop_V'

Design Information
------------------
Command Line   : map -intstyle ise -p xc6slx9-csg324-2 -w -logic_opt off -ol
high -t 1 -xt 0 -register_duplication off -r 4 -global_opt off -mt off -ir off
-pr off -lc off -power off -o ANCTop_V_map.ncd ANCTop_V.ngd ANCTop_V.pcf 
Target Device  : xc6slx9
Target Package : csg324
Target Speed   : -2
Mapper Version : spartan6 -- $Revision: 1.55 $
Mapped Date    : Thu Aug 23 00:02:19 2018

Design Summary
--------------
Number of errors:      0
Number of warnings:   11
Slice Logic Utilization:
  Number of Slice Registers:                   295 out of  11,440    2%
    Number used as Flip Flops:                 211
    Number used as Latches:                      0
    Number used as Latch-thrus:                  0
    Number used as AND/OR logics:               84
  Number of Slice LUTs:                        866 out of   5,720   15%
    Number used as logic:                      850 out of   5,720   14%
      Number using O6 output only:             408
      Number using O5 output only:              66
      Number using O5 and O6:                  376
      Number used as ROM:                        0
    Number used as Memory:                       1 out of   1,440    1%
      Number used as Dual Port RAM:              0
      Number used as Single Port RAM:            0
      Number used as Shift Register:             1
        Number using O6 output only:             1
        Number using O5 output only:             0
        Number using O5 and O6:                  0
    Number used exclusively as route-thrus:     15
      Number with same-slice register load:      8
      Number with same-slice carry load:         7
      Number with other load:                    0

Slice Logic Distribution:
  Number of occupied Slices:                   300 out of   1,430   20%
  Nummber of MUXCYs used:                      484 out of   2,860   16%
  Number of LUT Flip Flop pairs used:          903
    Number with an unused Flip Flop:           628 out of     903   69%
    Number with an unused LUT:                  37 out of     903    4%
    Number of fully used LUT-FF pairs:         238 out of     903   26%
    Number of unique control sets:              23
    Number of slice register sites lost
      to control set restrictions:             108 out of  11,440    1%

  A LUT Flip Flop pair for this architecture represents one LUT paired with
  one Flip Flop within a slice.  A control set is a unique combination of
  clock, reset, set, and enable signals for a registered element.
  The Slice Logic Distribution report is not meaningful if the design is
  over-mapped for a non-slice resource or if Placement fails.

IO Utilization:
  Number of bonded IOBs:                        14 out of     200    7%
    Number of LOCed IOBs:                       14 out of      14  100%
    IOB Flip Flops:                              6

Specific Feature Utilization:
  Number of RAMB16BWERs:                         0 out of      32    0%
  Number of RAMB8BWERs:                          2 out of      64    3%
  Number of BUFIO2/BUFIO2_2CLKs:                 0 out of      32    0%
  Number of BUFIO2FB/BUFIO2FB_2CLKs:             0 out of      32    0%
  Number of BUFG/BUFGMUXs:                       4 out of      16   25%
    Number used as BUFGs:                        4
    Number used as BUFGMUX:                      0
  Number of DCM/DCM_CLKGENs:                     0 out of       4    0%
  Number of ILOGIC2/ISERDES2s:                   0 out of     200    0%
  Number of IODELAY2/IODRP2/IODRP2_MCBs:         0 out of     200    0%
  Number of OLOGIC2/OSERDES2s:                   6 out of     200    3%
    Number used as OLOGIC2s:                     6
    Number used as OSERDES2s:                    0
  Number of BSCANs:                              0 out of       4    0%
  Number of BUFHs:                               0 out of     128    0%
  Number of BUFPLLs:                             0 out of       8    0%
  Number of BUFPLL_MCBs:                         0 out of       4    0%
  Number of DSP48A1s:                            0 out of      16    0%
  Number of ICAPs:                               0 out of       1    0%
  Number of MCBs:                                0 out of       2    0%
  Number of PCILOGICSEs:                         0 out of       2    0%
  Number of PLL_ADVs:                            0 out of       2    0%
  Number of PMVs:                                0 out of       1    0%
  Number of STARTUPs:                            0 out of       1    0%
  Number of SUSPEND_SYNCs:                       0 out of       1    0%

Average Fanout of Non-Clock Nets:                2.40

Peak Memory Usage:  366 MB
Total REAL time to MAP completion:  9 secs 
Total CPU time to MAP completion:   9 secs 

Table of Contents
-----------------
Section 1 - Errors
Section 2 - Warnings
Section 3 - Informational
Section 4 - Removed Logic Summary
Section 5 - Removed Logic
Section 6 - IOB Properties
Section 7 - RPMs
Section 8 - Guide Report
Section 9 - Area Group and Partition Summary
Section 10 - Timing Report
Section 11 - Configuration String Information
Section 12 - Control Set Information
Section 13 - Utilization by Hierarchy

Section 1 - Errors
------------------

Section 2 - Warnings
--------------------
WARNING:PhysDesignRules:372 - Gated clock. Clock net AdaptBlock/Data_write is
   sourced by a combinatorial pin. This is not good design practice. Use the CE
   pin to control the loading of data into the flip-flop.
WARNING:PhysDesignRules:372 - Gated clock. Clock net
   SaturationBlock/Filtcmplt_detected is sourced by a combinatorial pin. This is
   not good design practice. Use the CE pin to control the loading of data into
   the flip-flop.
WARNING:PhysDesignRules:372 - Gated clock. Clock net DataMemBlock/Clk is sourced
   by a combinatorial pin. This is not good design practice. Use the CE pin to
   control the loading of data into the flip-flop.
WARNING:PhysDesignRules:372 - Gated clock. Clock net ReadNoise/ResetEN_inv is
   sourced by a combinatorial pin. This is not good design practice. Use the CE
   pin to control the loading of data into the flip-flop.
WARNING:PhysDesignRules:372 - Gated clock. Clock net SSPIF is sourced by a
   combinatorial pin. This is not good design practice. Use the CE pin to
   control the loading of data into the flip-flop.
WARNING:PhysDesignRules:372 - Gated clock. Clock net ReadNoise/SSPTx is sourced
   by a combinatorial pin. This is not good design practice. Use the CE pin to
   control the loading of data into the flip-flop.
WARNING:PhysDesignRules:372 - Gated clock. Clock net ReadNoise/ResetEN is
   sourced by a combinatorial pin. This is not good design practice. Use the CE
   pin to control the loading of data into the flip-flop.
WARNING:PhysDesignRules:372 - Gated clock. Clock net ControlBlock/ControlClk is
   sourced by a combinatorial pin. This is not good design practice. Use the CE
   pin to control the loading of data into the flip-flop.
WARNING:PhysDesignRules:372 - Gated clock. Clock net ControlBlock/FiltClk is
   sourced by a combinatorial pin. This is not good design practice. Use the CE
   pin to control the loading of data into the flip-flop.
WARNING:PhysDesignRules:372 - Gated clock. Clock net ControlBlock/DataClk is
   sourced by a combinatorial pin. This is not good design practice. Use the CE
   pin to control the loading of data into the flip-flop.
WARNING:PhysDesignRules:2410 - This design is using one or more 9K Block RAMs
   (RAMB8BWER).  9K Block RAM initialization data, both user defined and
   default, may be incorrect and should not be used.  For more information,
   please reference Xilinx Answer Record 39999.

Section 3 - Informational
-------------------------
INFO:LIT:243 - Logical network ResetSwitch_IBUF has no load.
INFO:LIT:395 - The above info message is repeated 5 more times for the following
   (max. 5 shown):
   CoefMemBlock/CoefRam/douta<15>,
   CoefMemBlock/CoefRam/douta<14>,
   CoefMemBlock/CoefRam/douta<13>,
   CoefMemBlock/CoefRam/douta<12>,
   CoefMemBlock/CoefRam/douta<11>
   To see the details of these info messages, please use the -detail switch.
INFO:MapLib:562 - No environment variables are currently set.
INFO:MapLib:159 - Net Timing constraints on signal Clk_100MIn are pushed forward
   through input buffer.
INFO:Pack:1716 - Initializing temperature to 85.000 Celsius. (default - Range:
   0.000 to 85.000 Celsius)
INFO:Pack:1720 - Initializing voltage to 1.140 Volts. (default - Range: 1.140 to
   1.260 Volts)
INFO:Map:215 - The Interim Design Summary has been generated in the MAP Report
   (.mrp).
INFO:Pack:1650 - Map created a placed design.

Section 4 - Removed Logic Summary
---------------------------------
   8 block(s) removed
  98 block(s) optimized away
   5 signal(s) removed

Section 5 - Removed Logic
-------------------------

The trimmed logic report below shows the logic removed from your design due to
sourceless or loadless signals, and VCC or ground connections.  If the removal
of a signal or symbol results in the subsequent removal of an additional signal
or symbol, the message explaining that second removal will be indented.  This
indentation will be repeated as a chain of related logic is removed.

To quickly locate the original cause for the removal of a chain of logic, look
above the place where that logic is listed in the trimming report, then locate
the lines that are least indented (begin at the leftmost edge).

Loadless block "AdaptBlock/WzMul/ADDERTREE_INTERNAL_Madd119" (ROM) removed.
Loadless block "AdaptBlock/WzMul/ADDERTREE_INTERNAL_Madd319" (ROM) removed.
Loadless block "AdaptBlock/WzMul/ADDERTREE_INTERNAL_Madd519" (ROM) removed.
Loadless block "AdaptBlock/WzMul/ADDERTREE_INTERNAL_Madd719" (ROM) removed.
Loadless block "FilterBlock/FilterMul/ADDERTREE_INTERNAL_Madd119" (ROM) removed.
Loadless block "FilterBlock/FilterMul/ADDERTREE_INTERNAL_Madd319" (ROM) removed.
Loadless block "FilterBlock/FilterMul/ADDERTREE_INTERNAL_Madd519" (ROM) removed.
Loadless block "FilterBlock/FilterMul/ADDERTREE_INTERNAL_Madd719" (ROM) removed.
The signal "CoefMemBlock/CoefRam/douta<15>" is sourceless and has been removed.
The signal "CoefMemBlock/CoefRam/douta<14>" is sourceless and has been removed.
The signal "CoefMemBlock/CoefRam/douta<13>" is sourceless and has been removed.
The signal "CoefMemBlock/CoefRam/douta<12>" is sourceless and has been removed.
The signal "CoefMemBlock/CoefRam/douta<11>" is sourceless and has been removed.

Optimized Block(s):
TYPE 		BLOCK
LUT3 		AdaptBlock/WzMul/ADDERTREE_INTERNAL_Madd111
   optimized to 0
LUT3 		AdaptBlock/WzMul/ADDERTREE_INTERNAL_Madd112
   optimized to 0
LUT3 		AdaptBlock/WzMul/ADDERTREE_INTERNAL_Madd113
   optimized to 0
LUT3 		AdaptBlock/WzMul/ADDERTREE_INTERNAL_Madd114
   optimized to 0
LUT3 		AdaptBlock/WzMul/ADDERTREE_INTERNAL_Madd115
   optimized to 0
LUT3 		AdaptBlock/WzMul/ADDERTREE_INTERNAL_Madd116
   optimized to 0
LUT3 		AdaptBlock/WzMul/ADDERTREE_INTERNAL_Madd117
   optimized to 0
LUT3 		AdaptBlock/WzMul/ADDERTREE_INTERNAL_Madd118
   optimized to 0
LUT4 		AdaptBlock/WzMul/ADDERTREE_INTERNAL_Madd1_lut<0>12
   optimized to 0
LUT4 		AdaptBlock/WzMul/ADDERTREE_INTERNAL_Madd1_lut<0>13
   optimized to 0
LUT4 		AdaptBlock/WzMul/ADDERTREE_INTERNAL_Madd1_lut<0>14
   optimized to 0
LUT4 		AdaptBlock/WzMul/ADDERTREE_INTERNAL_Madd1_lut<0>15
   optimized to 0
LUT4 		AdaptBlock/WzMul/ADDERTREE_INTERNAL_Madd1_lut<0>16
   optimized to 0
LUT4 		AdaptBlock/WzMul/ADDERTREE_INTERNAL_Madd1_lut<0>17
   optimized to 0
LUT4 		AdaptBlock/WzMul/ADDERTREE_INTERNAL_Madd1_lut<0>18
   optimized to 0
LUT4 		AdaptBlock/WzMul/ADDERTREE_INTERNAL_Madd1_lut<0>19
   optimized to 0
LUT3 		AdaptBlock/WzMul/ADDERTREE_INTERNAL_Madd31
   optimized to 0
LUT3 		AdaptBlock/WzMul/ADDERTREE_INTERNAL_Madd314
   optimized to 0
LUT3 		AdaptBlock/WzMul/ADDERTREE_INTERNAL_Madd315
   optimized to 0
LUT3 		AdaptBlock/WzMul/ADDERTREE_INTERNAL_Madd316
   optimized to 0
LUT3 		AdaptBlock/WzMul/ADDERTREE_INTERNAL_Madd317
   optimized to 0
LUT3 		AdaptBlock/WzMul/ADDERTREE_INTERNAL_Madd318
   optimized to 0
LUT3 		AdaptBlock/WzMul/ADDERTREE_INTERNAL_Madd32
   optimized to 0
LUT3 		AdaptBlock/WzMul/ADDERTREE_INTERNAL_Madd51
   optimized to 0
LUT3 		AdaptBlock/WzMul/ADDERTREE_INTERNAL_Madd516
   optimized to 0
LUT3 		AdaptBlock/WzMul/ADDERTREE_INTERNAL_Madd517
   optimized to 0
LUT3 		AdaptBlock/WzMul/ADDERTREE_INTERNAL_Madd518
   optimized to 0
LUT3 		AdaptBlock/WzMul/ADDERTREE_INTERNAL_Madd52
   optimized to 0
LUT3 		AdaptBlock/WzMul/ADDERTREE_INTERNAL_Madd53
   optimized to 0
LUT3 		AdaptBlock/WzMul/ADDERTREE_INTERNAL_Madd54
   optimized to 0
LUT3 		AdaptBlock/WzMul/ADDERTREE_INTERNAL_Madd55
   optimized to 0
LUT4 		AdaptBlock/WzMul/ADDERTREE_INTERNAL_Madd5_lut<0>1
   optimized to 0
LUT4 		AdaptBlock/WzMul/ADDERTREE_INTERNAL_Madd5_lut<0>17
   optimized to 0
LUT4 		AdaptBlock/WzMul/ADDERTREE_INTERNAL_Madd5_lut<0>18
   optimized to 0
LUT4 		AdaptBlock/WzMul/ADDERTREE_INTERNAL_Madd5_lut<0>19
   optimized to 0
LUT4 		AdaptBlock/WzMul/ADDERTREE_INTERNAL_Madd5_lut<0>2
   optimized to 0
LUT4 		AdaptBlock/WzMul/ADDERTREE_INTERNAL_Madd5_lut<0>3
   optimized to 0
LUT4 		AdaptBlock/WzMul/ADDERTREE_INTERNAL_Madd5_lut<0>4
   optimized to 0
LUT3 		AdaptBlock/WzMul/ADDERTREE_INTERNAL_Madd71
   optimized to 0
LUT3 		AdaptBlock/WzMul/ADDERTREE_INTERNAL_Madd72
   optimized to 0
LUT3 		AdaptBlock/WzMul/ADDERTREE_INTERNAL_Madd73
   optimized to 0
LUT3 		AdaptBlock/WzMul/ADDERTREE_INTERNAL_Madd74
   optimized to 0
LUT3 		AdaptBlock/WzMul/ADDERTREE_INTERNAL_Madd75
   optimized to 0
LUT3 		AdaptBlock/WzMul/ADDERTREE_INTERNAL_Madd76
   optimized to 0
LUT3 		AdaptBlock/WzMul/ADDERTREE_INTERNAL_Madd77
   optimized to 0
GND
		CoefMemBlock/CoefRam/U0/xst_blk_mem_generator/gnativebmg.native_blk_mem_gen/va
lid.cstr/XST_GND
VCC
		CoefMemBlock/CoefRam/U0/xst_blk_mem_generator/gnativebmg.native_blk_mem_gen/va
lid.cstr/XST_VCC
GND 		CoefMemBlock/CoefRam/XST_GND
GND
		DataMemBlock/DataRam/U0/xst_blk_mem_generator/gnativebmg.native_blk_mem_gen/va
lid.cstr/XST_GND
VCC
		DataMemBlock/DataRam/U0/xst_blk_mem_generator/gnativebmg.native_blk_mem_gen/va
lid.cstr/XST_VCC
GND 		DataMemBlock/DataRam/XST_GND
LUT3 		FilterBlock/FilterMul/ADDERTREE_INTERNAL_Madd111
   optimized to 0
LUT3 		FilterBlock/FilterMul/ADDERTREE_INTERNAL_Madd112
   optimized to 0
LUT3 		FilterBlock/FilterMul/ADDERTREE_INTERNAL_Madd113
   optimized to 0
LUT3 		FilterBlock/FilterMul/ADDERTREE_INTERNAL_Madd114
   optimized to 0
LUT3 		FilterBlock/FilterMul/ADDERTREE_INTERNAL_Madd115
   optimized to 0
LUT3 		FilterBlock/FilterMul/ADDERTREE_INTERNAL_Madd116
   optimized to 0
LUT3 		FilterBlock/FilterMul/ADDERTREE_INTERNAL_Madd117
   optimized to 0
LUT3 		FilterBlock/FilterMul/ADDERTREE_INTERNAL_Madd118
   optimized to 0
LUT4 		FilterBlock/FilterMul/ADDERTREE_INTERNAL_Madd1_lut<0>12
   optimized to 0
LUT4 		FilterBlock/FilterMul/ADDERTREE_INTERNAL_Madd1_lut<0>13
   optimized to 0
LUT4 		FilterBlock/FilterMul/ADDERTREE_INTERNAL_Madd1_lut<0>14
   optimized to 0
LUT4 		FilterBlock/FilterMul/ADDERTREE_INTERNAL_Madd1_lut<0>15
   optimized to 0
LUT4 		FilterBlock/FilterMul/ADDERTREE_INTERNAL_Madd1_lut<0>16
   optimized to 0
LUT4 		FilterBlock/FilterMul/ADDERTREE_INTERNAL_Madd1_lut<0>17
   optimized to 0
LUT4 		FilterBlock/FilterMul/ADDERTREE_INTERNAL_Madd1_lut<0>18
   optimized to 0
LUT4 		FilterBlock/FilterMul/ADDERTREE_INTERNAL_Madd1_lut<0>19
   optimized to 0
LUT3 		FilterBlock/FilterMul/ADDERTREE_INTERNAL_Madd31
   optimized to 0
LUT3 		FilterBlock/FilterMul/ADDERTREE_INTERNAL_Madd314
   optimized to 0
LUT3 		FilterBlock/FilterMul/ADDERTREE_INTERNAL_Madd315
   optimized to 0
LUT3 		FilterBlock/FilterMul/ADDERTREE_INTERNAL_Madd316
   optimized to 0
LUT3 		FilterBlock/FilterMul/ADDERTREE_INTERNAL_Madd317
   optimized to 0
LUT3 		FilterBlock/FilterMul/ADDERTREE_INTERNAL_Madd318
   optimized to 0
LUT3 		FilterBlock/FilterMul/ADDERTREE_INTERNAL_Madd32
   optimized to 0
LUT3 		FilterBlock/FilterMul/ADDERTREE_INTERNAL_Madd51
   optimized to 0
LUT3 		FilterBlock/FilterMul/ADDERTREE_INTERNAL_Madd516
   optimized to 0
LUT3 		FilterBlock/FilterMul/ADDERTREE_INTERNAL_Madd517
   optimized to 0
LUT3 		FilterBlock/FilterMul/ADDERTREE_INTERNAL_Madd518
   optimized to 0
LUT3 		FilterBlock/FilterMul/ADDERTREE_INTERNAL_Madd52
   optimized to 0
LUT3 		FilterBlock/FilterMul/ADDERTREE_INTERNAL_Madd53
   optimized to 0
LUT3 		FilterBlock/FilterMul/ADDERTREE_INTERNAL_Madd54
   optimized to 0
LUT3 		FilterBlock/FilterMul/ADDERTREE_INTERNAL_Madd55
   optimized to 0
LUT4 		FilterBlock/FilterMul/ADDERTREE_INTERNAL_Madd5_lut<0>1
   optimized to 0
LUT4 		FilterBlock/FilterMul/ADDERTREE_INTERNAL_Madd5_lut<0>17
   optimized to 0
LUT4 		FilterBlock/FilterMul/ADDERTREE_INTERNAL_Madd5_lut<0>18
   optimized to 0
LUT4 		FilterBlock/FilterMul/ADDERTREE_INTERNAL_Madd5_lut<0>19
   optimized to 0
LUT4 		FilterBlock/FilterMul/ADDERTREE_INTERNAL_Madd5_lut<0>2
   optimized to 0
LUT4 		FilterBlock/FilterMul/ADDERTREE_INTERNAL_Madd5_lut<0>3
   optimized to 0
LUT4 		FilterBlock/FilterMul/ADDERTREE_INTERNAL_Madd5_lut<0>4
   optimized to 0
LUT3 		FilterBlock/FilterMul/ADDERTREE_INTERNAL_Madd71
   optimized to 0
LUT3 		FilterBlock/FilterMul/ADDERTREE_INTERNAL_Madd72
   optimized to 0
LUT3 		FilterBlock/FilterMul/ADDERTREE_INTERNAL_Madd73
   optimized to 0
LUT3 		FilterBlock/FilterMul/ADDERTREE_INTERNAL_Madd74
   optimized to 0
LUT3 		FilterBlock/FilterMul/ADDERTREE_INTERNAL_Madd75
   optimized to 0
LUT3 		FilterBlock/FilterMul/ADDERTREE_INTERNAL_Madd76
   optimized to 0
LUT3 		FilterBlock/FilterMul/ADDERTREE_INTERNAL_Madd77
   optimized to 0
GND 		XST_GND
VCC 		XST_VCC

To enable printing of redundant blocks removed and signals merged, set the
detailed map report option and rerun map.

Section 6 - IOB Properties
--------------------------

+---------------------------------------------------------------------------------------------------------------------------------------------------------+
| IOB Name                           | Type             | Direction | IO Standard          | Diff  | Drive    | Slew | Reg (s)      | Resistor | IOB      |
|                                    |                  |           |                      | Term  | Strength | Rate |              |          | Delay    |
+---------------------------------------------------------------------------------------------------------------------------------------------------------+
| AudioL                             | IOB              | OUTPUT    | LVCMOS33             |       | 8        | FAST |              |          |          |
| AudioR                             | IOB              | OUTPUT    | LVCMOS33             |       | 8        | FAST |              |          |          |
| Clk_100MIn                         | IOB              | INPUT     | LVCMOS33             |       |          |      |              |          |          |
| ResetSwitch                        | IOB              | INPUT     | LVCMOS33             |       |          |      |              | PULLUP   |          |
| SCK                                | IOB              | INPUT     | LVCMOS33             |       |          |      |              |          |          |
| SDI                                | IOB              | INPUT     | LVCMOS33             |       |          |      |              |          |          |
| SDO                                | IOB              | OUTPUT    | LVCMOS33             |       | 8        | FAST |              |          |          |
| SPIDataLED<0>                      | IOB              | OUTPUT    | LVCMOS33             |       | 8        | FAST | OFF          |          |          |
| SPIDataLED<1>                      | IOB              | OUTPUT    | LVCMOS33             |       | 8        | FAST | OFF          |          |          |
| SPIDataLED<2>                      | IOB              | OUTPUT    | LVCMOS33             |       | 8        | FAST | OFF          |          |          |
| SPIDataLED<3>                      | IOB              | OUTPUT    | LVCMOS33             |       | 8        | FAST | OFF          |          |          |
| SPIDataLED<4>                      | IOB              | OUTPUT    | LVCMOS33             |       | 8        | FAST | OFF          |          |          |
| SPIDataLED<5>                      | IOB              | OUTPUT    | LVCMOS33             |       | 8        | FAST | OFF          |          |          |
| SPI_LED                            | IOB              | OUTPUT    | LVCMOS33             |       | 8        | FAST |              |          |          |
+---------------------------------------------------------------------------------------------------------------------------------------------------------+

Section 7 - RPMs
----------------

Section 8 - Guide Report
------------------------
Guide not run on this design.

Section 9 - Area Group and Partition Summary
--------------------------------------------

Partition Implementation Status
-------------------------------

  No Partitions were found in this design.

-------------------------------

Area Group Information
----------------------

  No area groups were found in this design.

----------------------

Section 10 - Timing Report
--------------------------
A logic-level (pre-route) timing report can be generated by using Xilinx static
timing analysis tools, Timing Analyzer (GUI) or TRCE (command line), with the
mapped NCD and PCF files. Please note that this timing report will be generated
using estimated delay information. For accurate numbers, please generate a
timing report with the post Place and Route NCD file.

For more information about the Timing Analyzer, consult the Xilinx Timing
Analyzer Reference Manual; for more information about TRCE, consult the Xilinx
Command Line Tools User Guide "TRACE" chapter.

Section 11 - Configuration String Details
-----------------------------------------
Use the "-detail" map option to print out Configuration Strings

Section 12 - Control Set Information
------------------------------------
Use the "-detail" map option to print out Control Set Information.

Section 13 - Utilization by Hierarchy
-------------------------------------
Use the "-detail" map option to print out the Utilization by Hierarchy section.
