ISim log file
Running: X:\0_xlinx_ISE\ANC_Top_2.0\ANCTop_Tb_isim_beh.exe -intstyle ise -gui -tclbatch isim.cmd -wdb X:/0_xlinx_ISE/ANC_Top_2.0/ANCTop_Tb_isim_beh.wdb 
ISim P.15xf (signature 0xc3576ebc)
This is a Full version of ISim.
Time resolution is 1 ps
# onerror resume
# wave add /
# run 1000 ns
Simulator is doing circuit initialization process.
 Block Memory Generator CORE Generator module loading initial data...
 Block Memory Generator data initialization complete.
Block Memory Generator CORE Generator module ANCTop_Tb.uut.DataMemBlock.DataRam.inst.\native_mem_module.blk_mem_gen_v7_1_inst  is using a behavioral model for simulation which will not precisely model memory collision behavior.
 Block Memory Generator CORE Generator module loading initial data...
 Block Memory Generator data initialization complete.
Block Memory Generator CORE Generator module ANCTop_Tb.uut.CoefMemBlock.CoefRam.inst.\native_mem_module.blk_mem_gen_v7_1_inst  is using a behavioral model for simulation which will not precisely model memory collision behavior.
Finished circuit initialization process.
# run 1.00us
# run 50.00us
# run 50.00us
# run 50.00us
ISim P.15xf (signature 0xc3576ebc)
This is a Full version of ISim.
# run 1000 ns
Simulator is doing circuit initialization process.
 Block Memory Generator CORE Generator module loading initial data...
 Block Memory Generator data initialization complete.
Block Memory Generator CORE Generator module ANCTop_Tb.uut.DataMemBlock.DataRam.inst.\native_mem_module.blk_mem_gen_v7_1_inst  is using a behavioral model for simulation which will not precisely model memory collision behavior.
 Block Memory Generator CORE Generator module loading initial data...
 Block Memory Generator data initialization complete.
Block Memory Generator CORE Generator module ANCTop_Tb.uut.CoefMemBlock.CoefRam.inst.\native_mem_module.blk_mem_gen_v7_1_inst  is using a behavioral model for simulation which will not precisely model memory collision behavior.
Finished circuit initialization process.
# run 50.00us
# run 50.00us
# run 50.00us
ISim P.15xf (signature 0xc3576ebc)
This is a Full version of ISim.
# run 1000 ns
Simulator is doing circuit initialization process.
 Block Memory Generator CORE Generator module loading initial data...
 Block Memory Generator data initialization complete.
Block Memory Generator CORE Generator module ANCTop_Tb.uut.DataMemBlock.DataRam.inst.\native_mem_module.blk_mem_gen_v7_1_inst  is using a behavioral model for simulation which will not precisely model memory collision behavior.
 Block Memory Generator CORE Generator module loading initial data...
 Block Memory Generator data initialization complete.
Block Memory Generator CORE Generator module ANCTop_Tb.uut.CoefMemBlock.CoefRam.inst.\native_mem_module.blk_mem_gen_v7_1_inst  is using a behavioral model for simulation which will not precisely model memory collision behavior.
Finished circuit initialization process.
# run 50.00us
# run 50.00us
# run 50.00us
# run 50.00us
# run 50.00us
# run 50.00us
# run 50.00us
# run 50.00us
# run 50.00us
ISim P.15xf (signature 0xc3576ebc)
This is a Full version of ISim.
# run 1000 ns
Simulator is doing circuit initialization process.
 Block Memory Generator CORE Generator module loading initial data...
 Block Memory Generator data initialization complete.
Block Memory Generator CORE Generator module ANCTop_Tb.uut.DataMemBlock.DataRam.inst.\native_mem_module.blk_mem_gen_v7_1_inst  is using a behavioral model for simulation which will not precisely model memory collision behavior.
 Block Memory Generator CORE Generator module loading initial data...
 Block Memory Generator data initialization complete.
Block Memory Generator CORE Generator module ANCTop_Tb.uut.CoefMemBlock.CoefRam.inst.\native_mem_module.blk_mem_gen_v7_1_inst  is using a behavioral model for simulation which will not precisely model memory collision behavior.
Finished circuit initialization process.
# run 50.00us
# run 50.00us
# run 50.00us
# run 50.00us
# run 50.00us
# run 50.00us
# run 50.00us
# run 50.00us
# run 50.00us
# run 50.00us
# run 50.00us
# run 50.00us
# run 50.00us
# run 50.00us
# run 50.00us
# run 50.00us
# run 50.00us
# run 50.00us
# run 50.00us
# run 50.00us
# run 50.00us
# run 50.00us
# run 50.00us
# run 50.00us
# run 50.00us
# run 50.00us
# run 50.00us
# run 50.00us
# run 50.00us
# run 50.00us
# run 50.00us
# run 50.00us
# run 50.00us
# run 50.00us
# run 50.00us
# run 50.00us
# run 50.00us
# run 50.00us
# run 50.00us
# run 50.00us
# run 50.00us
# run 50.00us
# run 50.00us
# run 50.00us
# run 50.00us
# run 50.00us
# run 50.00us
# run 50.00us
# run 50.00us
# run 50.00us
# run 50.00us
# run 50.00us
# run 50.00us
# run 50.00us
# run 50.00us
# run 50.00us
# run 50.00us
# run 50.00us
# run 50.00us
# run 50.00us
# run 50.00us
# run 50.00us
# run 50.00us
# run 50.00us
# run 50.00us
# run 50.00us
# run 50.00us
# run 50.00us
# run 50.00us
# run 50.00us
# run 50.00us
# run 50.00us
# run 50.00us
# run 50.00us
# run 50.00us
# run 50.00us
# run 50.00us
# run 50.00us
# run 50.00us
# run 50.00us
# run 50.00us
# run 50.00us
# run 50.00us
# run 50.00us
# run 50.00us
# run 50.00us
# run 50.00us
# run 50.00us
# run 50.00us
# run 50.00us
# run 50.00us
# run 50.00us
# run 50.00us
# run 50.00us
# run 50.00us
# run 50.00us
# run 50.00us
# run 50.00us
# run 50.00us
# run 50.00us
# run 50.00us
# run 50.00us
# run 50.00us
# run 50.00us
# run 50.00us
# run 50.00us
# run 50.00us
# run 50.00us
# run 50.00us
# run 50.00us
# run 50.00us
# run 50.00us
# run 50.00us
# run 50.00us
# run 50.00us
# run 50.00us
# run 50.00us
# run 50.00us
# run 50.00us
# run 50.00us
# run 50.00us
# run 50.00us
# run 50.00us
# run 50.00us
# run 50.00us
# run 50.00us
# run 50.00us
# run 50.00us
# run 50.00us
# run 50.00us
# run 50.00us
# run 50.00us
# run 50.00us
# run 50.00us
# run 50.00us
# run 50.00us
# run 50.00us
# run 50.00us
# run 500.00us
# run 500.00us
# run 500.00us
# run 500.00us
# run 500.00us
# run 500.00us
# run 500.00us
# run 500.00us
# run 500.00us
# run 500.00us
# run 500.00us
# run 500.00us
# run 500.00us
# run 500.00us
# run 500.00us
# run 500.00us
# run 500.00us
# run 500.00us
# run 500.00us
# run 500.00us
# run 500.00us
# run 500.00us
# run 500.00us
# run 500.00us
# run 500.00us
# run 500.00us
# run 500.00us
# run 500.00us
# run 500.00us
# run 500.00us
# run 500.00us
# run 500.00us
ISim P.15xf (signature 0xc3576ebc)
This is a Full version of ISim.
# run 1000 ns
Simulator is doing circuit initialization process.
 Block Memory Generator CORE Generator module loading initial data...
 Block Memory Generator data initialization complete.
Block Memory Generator CORE Generator module ANCTop_Tb.uut.DataMemBlock.DataRam.inst.\native_mem_module.blk_mem_gen_v7_1_inst  is using a behavioral model for simulation which will not precisely model memory collision behavior.
 Block Memory Generator CORE Generator module loading initial data...
 Block Memory Generator data initialization complete.
Block Memory Generator CORE Generator module ANCTop_Tb.uut.CoefMemBlock.CoefRam.inst.\native_mem_module.blk_mem_gen_v7_1_inst  is using a behavioral model for simulation which will not precisely model memory collision behavior.
Finished circuit initialization process.
# run 500.00us
# run 500.00us
ISim P.15xf (signature 0xc3576ebc)
This is a Full version of ISim.
# run 1000 ns
Simulator is doing circuit initialization process.
 Block Memory Generator CORE Generator module loading initial data...
 Block Memory Generator data initialization complete.
Block Memory Generator CORE Generator module ANCTop_Tb.uut.DataMemBlock.DataRam.inst.\native_mem_module.blk_mem_gen_v7_1_inst  is using a behavioral model for simulation which will not precisely model memory collision behavior.
 Block Memory Generator CORE Generator module loading initial data...
 Block Memory Generator data initialization complete.
Block Memory Generator CORE Generator module ANCTop_Tb.uut.CoefMemBlock.CoefRam.inst.\native_mem_module.blk_mem_gen_v7_1_inst  is using a behavioral model for simulation which will not precisely model memory collision behavior.
Finished circuit initialization process.
# run all
Stopped at time : 28146600 ns : File "X:/0_xlinx_ISE/ANC_Top_2.0/ANCDataMem_V.v" Line 95
ISim P.15xf (signature 0xc3576ebc)
This is a Full version of ISim.
# run 1000 ns
Simulator is doing circuit initialization process.
 Block Memory Generator CORE Generator module loading initial data...
 Block Memory Generator data initialization complete.
Block Memory Generator CORE Generator module ANCTop_Tb.uut.DataMemBlock.DataRam.inst.\native_mem_module.blk_mem_gen_v7_1_inst  is using a behavioral model for simulation which will not precisely model memory collision behavior.
 Block Memory Generator CORE Generator module loading initial data...
 Block Memory Generator data initialization complete.
Block Memory Generator CORE Generator module ANCTop_Tb.uut.CoefMemBlock.CoefRam.inst.\native_mem_module.blk_mem_gen_v7_1_inst  is using a behavioral model for simulation which will not precisely model memory collision behavior.
Finished circuit initialization process.
# run 500.00us
ISim P.15xf (signature 0xc3576ebc)
This is a Full version of ISim.
# run 1000 ns
Simulator is doing circuit initialization process.
 Block Memory Generator CORE Generator module loading initial data...
 Block Memory Generator data initialization complete.
Block Memory Generator CORE Generator module ANCTop_Tb.uut.DataMemBlock.DataRam.inst.\native_mem_module.blk_mem_gen_v7_1_inst  is using a behavioral model for simulation which will not precisely model memory collision behavior.
 Block Memory Generator CORE Generator module loading initial data...
 Block Memory Generator data initialization complete.
Block Memory Generator CORE Generator module ANCTop_Tb.uut.CoefMemBlock.CoefRam.inst.\native_mem_module.blk_mem_gen_v7_1_inst  is using a behavioral model for simulation which will not precisely model memory collision behavior.
Finished circuit initialization process.
# run 500.00us
ISim P.15xf (signature 0xc3576ebc)
This is a Full version of ISim.
# run 1000 ns
Simulator is doing circuit initialization process.
 Block Memory Generator CORE Generator module loading initial data...
 Block Memory Generator data initialization complete.
Block Memory Generator CORE Generator module ANCTop_Tb.uut.DataMemBlock.DataRam.inst.\native_mem_module.blk_mem_gen_v7_1_inst  is using a behavioral model for simulation which will not precisely model memory collision behavior.
 Block Memory Generator CORE Generator module loading initial data...
 Block Memory Generator data initialization complete.
Block Memory Generator CORE Generator module ANCTop_Tb.uut.CoefMemBlock.CoefRam.inst.\native_mem_module.blk_mem_gen_v7_1_inst  is using a behavioral model for simulation which will not precisely model memory collision behavior.
Finished circuit initialization process.
# run 500.00us
ISim P.15xf (signature 0xc3576ebc)
This is a Full version of ISim.
# run 1000 ns
Simulator is doing circuit initialization process.
 Block Memory Generator CORE Generator module loading initial data...
 Block Memory Generator data initialization complete.
Block Memory Generator CORE Generator module ANCTop_Tb.uut.DataMemBlock.DataRam.inst.\native_mem_module.blk_mem_gen_v7_1_inst  is using a behavioral model for simulation which will not precisely model memory collision behavior.
 Block Memory Generator CORE Generator module loading initial data...
 Block Memory Generator data initialization complete.
Block Memory Generator CORE Generator module ANCTop_Tb.uut.CoefMemBlock.CoefRam.inst.\native_mem_module.blk_mem_gen_v7_1_inst  is using a behavioral model for simulation which will not precisely model memory collision behavior.
Finished circuit initialization process.
# run 500.00us
ISim P.15xf (signature 0xc3576ebc)
This is a Full version of ISim.
# run 1000 ns
Simulator is doing circuit initialization process.
 Block Memory Generator CORE Generator module loading initial data...
 Block Memory Generator data initialization complete.
Block Memory Generator CORE Generator module ANCTop_Tb.uut.DataMemBlock.DataRam.inst.\native_mem_module.blk_mem_gen_v7_1_inst  is using a behavioral model for simulation which will not precisely model memory collision behavior.
 Block Memory Generator CORE Generator module loading initial data...
 Block Memory Generator data initialization complete.
Block Memory Generator CORE Generator module ANCTop_Tb.uut.CoefMemBlock.CoefRam.inst.\native_mem_module.blk_mem_gen_v7_1_inst  is using a behavioral model for simulation which will not precisely model memory collision behavior.
Finished circuit initialization process.
# run 500.00us
ISim P.15xf (signature 0xc3576ebc)
This is a Full version of ISim.
# run 1000 ns
Simulator is doing circuit initialization process.
 Block Memory Generator CORE Generator module loading initial data...
 Block Memory Generator data initialization complete.
Block Memory Generator CORE Generator module ANCTop_Tb.uut.DataMemBlock.DataRam.inst.\native_mem_module.blk_mem_gen_v7_1_inst  is using a behavioral model for simulation which will not precisely model memory collision behavior.
 Block Memory Generator CORE Generator module loading initial data...
 Block Memory Generator data initialization complete.
Block Memory Generator CORE Generator module ANCTop_Tb.uut.CoefMemBlock.CoefRam.inst.\native_mem_module.blk_mem_gen_v7_1_inst  is using a behavioral model for simulation which will not precisely model memory collision behavior.
Finished circuit initialization process.
# run 500.00us
# run 500.00us
ISim P.15xf (signature 0xc3576ebc)
This is a Full version of ISim.
# run 1000 ns
Simulator is doing circuit initialization process.
 Block Memory Generator CORE Generator module loading initial data...
 Block Memory Generator data initialization complete.
Block Memory Generator CORE Generator module ANCTop_Tb.uut.DataMemBlock.DataRam.inst.\native_mem_module.blk_mem_gen_v7_1_inst  is using a behavioral model for simulation which will not precisely model memory collision behavior.
 Block Memory Generator CORE Generator module loading initial data...
 Block Memory Generator data initialization complete.
Block Memory Generator CORE Generator module ANCTop_Tb.uut.CoefMemBlock.CoefRam.inst.\native_mem_module.blk_mem_gen_v7_1_inst  is using a behavioral model for simulation which will not precisely model memory collision behavior.
Finished circuit initialization process.
# run 500.00us
ISim P.15xf (signature 0xc3576ebc)
This is a Full version of ISim.
# run 1000 ns
Simulator is doing circuit initialization process.
 Block Memory Generator CORE Generator module loading initial data...
 Block Memory Generator data initialization complete.
Block Memory Generator CORE Generator module ANCTop_Tb.uut.DataMemBlock.DataRam.inst.\native_mem_module.blk_mem_gen_v7_1_inst  is using a behavioral model for simulation which will not precisely model memory collision behavior.
 Block Memory Generator CORE Generator module loading initial data...
 Block Memory Generator data initialization complete.
Block Memory Generator CORE Generator module ANCTop_Tb.uut.CoefMemBlock.CoefRam.inst.\native_mem_module.blk_mem_gen_v7_1_inst  is using a behavioral model for simulation which will not precisely model memory collision behavior.
Finished circuit initialization process.
# run 100.00us
# run 100.00us
ISim P.15xf (signature 0xc3576ebc)
This is a Full version of ISim.
# run 1000 ns
Simulator is doing circuit initialization process.
 Block Memory Generator CORE Generator module loading initial data...
 Block Memory Generator data initialization complete.
Block Memory Generator CORE Generator module ANCTop_Tb.uut.DataMemBlock.DataRam.inst.\native_mem_module.blk_mem_gen_v7_1_inst  is using a behavioral model for simulation which will not precisely model memory collision behavior.
 Block Memory Generator CORE Generator module loading initial data...
 Block Memory Generator data initialization complete.
Block Memory Generator CORE Generator module ANCTop_Tb.uut.CoefMemBlock.CoefRam.inst.\native_mem_module.blk_mem_gen_v7_1_inst  is using a behavioral model for simulation which will not precisely model memory collision behavior.
Finished circuit initialization process.
# run 100.00us
ISim P.15xf (signature 0xc3576ebc)
This is a Full version of ISim.
# run 1000 ns
Simulator is doing circuit initialization process.
 Block Memory Generator CORE Generator module loading initial data...
 Block Memory Generator data initialization complete.
Block Memory Generator CORE Generator module ANCTop_Tb.uut.DataMemBlock.DataRam.inst.\native_mem_module.blk_mem_gen_v7_1_inst  is using a behavioral model for simulation which will not precisely model memory collision behavior.
 Block Memory Generator CORE Generator module loading initial data...
 Block Memory Generator data initialization complete.
Block Memory Generator CORE Generator module ANCTop_Tb.uut.CoefMemBlock.CoefRam.inst.\native_mem_module.blk_mem_gen_v7_1_inst  is using a behavioral model for simulation which will not precisely model memory collision behavior.
Finished circuit initialization process.
# run 100.00us
ISim P.15xf (signature 0xc3576ebc)
This is a Full version of ISim.
# run 1000 ns
Simulator is doing circuit initialization process.
 Block Memory Generator CORE Generator module loading initial data...
 Block Memory Generator data initialization complete.
Block Memory Generator CORE Generator module ANCTop_Tb.uut.DataMemBlock.DataRam.inst.\native_mem_module.blk_mem_gen_v7_1_inst  is using a behavioral model for simulation which will not precisely model memory collision behavior.
 Block Memory Generator CORE Generator module loading initial data...
 Block Memory Generator data initialization complete.
Block Memory Generator CORE Generator module ANCTop_Tb.uut.CoefMemBlock.CoefRam.inst.\native_mem_module.blk_mem_gen_v7_1_inst  is using a behavioral model for simulation which will not precisely model memory collision behavior.
Finished circuit initialization process.
# run 100.00us
ISim P.15xf (signature 0xc3576ebc)
This is a Full version of ISim.
# run 1000 ns
Simulator is doing circuit initialization process.
 Block Memory Generator CORE Generator module loading initial data...
 Block Memory Generator data initialization complete.
Block Memory Generator CORE Generator module ANCTop_Tb.uut.DataMemBlock.DataRam.inst.\native_mem_module.blk_mem_gen_v7_1_inst  is using a behavioral model for simulation which will not precisely model memory collision behavior.
 Block Memory Generator CORE Generator module loading initial data...
 Block Memory Generator data initialization complete.
Block Memory Generator CORE Generator module ANCTop_Tb.uut.CoefMemBlock.CoefRam.inst.\native_mem_module.blk_mem_gen_v7_1_inst  is using a behavioral model for simulation which will not precisely model memory collision behavior.
Finished circuit initialization process.
# run 100.00us
ISim P.15xf (signature 0xc3576ebc)
This is a Full version of ISim.
# run 1000 ns
Simulator is doing circuit initialization process.
 Block Memory Generator CORE Generator module loading initial data...
 Block Memory Generator data initialization complete.
Block Memory Generator CORE Generator module ANCTop_Tb.uut.DataMemBlock.DataRam.inst.\native_mem_module.blk_mem_gen_v7_1_inst  is using a behavioral model for simulation which will not precisely model memory collision behavior.
 Block Memory Generator CORE Generator module loading initial data...
 Block Memory Generator data initialization complete.
Block Memory Generator CORE Generator module ANCTop_Tb.uut.CoefMemBlock.CoefRam.inst.\native_mem_module.blk_mem_gen_v7_1_inst  is using a behavioral model for simulation which will not precisely model memory collision behavior.
Finished circuit initialization process.
# run 100.00us
ISim P.15xf (signature 0xc3576ebc)
This is a Full version of ISim.
# run 1000 ns
Simulator is doing circuit initialization process.
 Block Memory Generator CORE Generator module loading initial data...
 Block Memory Generator data initialization complete.
Block Memory Generator CORE Generator module ANCTop_Tb.uut.DataMemBlock.DataRam.inst.\native_mem_module.blk_mem_gen_v7_1_inst  is using a behavioral model for simulation which will not precisely model memory collision behavior.
 Block Memory Generator CORE Generator module loading initial data...
 Block Memory Generator data initialization complete.
Block Memory Generator CORE Generator module ANCTop_Tb.uut.CoefMemBlock.CoefRam.inst.\native_mem_module.blk_mem_gen_v7_1_inst  is using a behavioral model for simulation which will not precisely model memory collision behavior.
Finished circuit initialization process.
# run 100.00us
ISim P.15xf (signature 0xc3576ebc)
This is a Full version of ISim.
# run 1000 ns
Simulator is doing circuit initialization process.
 Block Memory Generator CORE Generator module loading initial data...
 Block Memory Generator data initialization complete.
Block Memory Generator CORE Generator module ANCTop_Tb.uut.DataMemBlock.DataRam.inst.\native_mem_module.blk_mem_gen_v7_1_inst  is using a behavioral model for simulation which will not precisely model memory collision behavior.
 Block Memory Generator CORE Generator module loading initial data...
 Block Memory Generator data initialization complete.
Block Memory Generator CORE Generator module ANCTop_Tb.uut.CoefMemBlock.CoefRam.inst.\native_mem_module.blk_mem_gen_v7_1_inst  is using a behavioral model for simulation which will not precisely model memory collision behavior.
Finished circuit initialization process.
# run 100.00us
