Release 14.1 - ngc2edif P.15xf (nt64)
Copyright (c) 1995-2012 Xilinx, Inc.  All rights reserved.
Reading design ANCTop_V.ngc ...
WARNING:NetListWriters:298 - No output is written to ANCTop_V.xncf, ignored.
Processing design ...
   Preping design's networks ...
   Preping design's macros ...
  finished :Prep
Writing EDIF netlist file ANCTop_V.edif ...
ngc2edif: Total memory usage is 89572 kilobytes

Release 14.1 - ngc2edif P.15xf (nt64)
Copyright (c) 1995-2012 Xilinx, Inc.  All rights reserved.
Reading design BlockRam.ngc ...
WARNING:NetListWriters:298 - No output is written to BlockRam.xncf, ignored.
Processing design ...
   Preping design's networks ...
   Preping design's macros ...
  finished :Prep
Writing EDIF netlist file BlockRam.edif ...
ngc2edif: Total memory usage is 77284 kilobytes

