Release 14.1 - xst P.15xf (nt64)
Copyright (c) 1995-2012 Xilinx, Inc.  All rights reserved.
--> Parameter TMPDIR set to xst/projnav.tmp


Total REAL time to Xst completion: 0.00 secs
Total CPU time to Xst completion: 0.11 secs
 
--> Parameter xsthdpdir set to xst


Total REAL time to Xst completion: 0.00 secs
Total CPU time to Xst completion: 0.11 secs
 
--> Reading design: PWM_v.prj

TABLE OF CONTENTS
  1) Synthesis Options Summary
  2) HDL Parsing
  3) HDL Elaboration
  4) HDL Synthesis
       4.1) HDL Synthesis Report
  5) Advanced HDL Synthesis
       5.1) Advanced HDL Synthesis Report
  6) Low Level Synthesis
  7) Partition Report
  8) Design Summary
       8.1) Primitive and Black Box Usage
       8.2) Device utilization summary
       8.3) Partition Resource Summary
       8.4) Timing Report
            8.4.1) Clock Information
            8.4.2) Asynchronous Control Signals Information
            8.4.3) Timing Summary
            8.4.4) Timing Details
            8.4.5) Cross Clock Domains Report


=========================================================================
*                      Synthesis Options Summary                        *
=========================================================================
---- Source Parameters
Input File Name                    : "PWM_v.prj"
Ignore Synthesis Constraint File   : NO

---- Target Parameters
Output File Name                   : "PWM_v"
Output Format                      : NGC
Target Device                      : xc6slx9-2-csg324

---- Source Options
Top Module Name                    : PWM_v
Automatic FSM Extraction           : YES
FSM Encoding Algorithm             : Auto
Safe Implementation                : No
FSM Style                          : LUT
RAM Extraction                     : Yes
RAM Style                          : Auto
ROM Extraction                     : Yes
Shift Register Extraction          : YES
ROM Style                          : Auto
Resource Sharing                   : YES
Asynchronous To Synchronous        : NO
Shift Register Minimum Size        : 2
Use DSP Block                      : Auto
Automatic Register Balancing       : No

---- Target Options
LUT Combining                      : Auto
Reduce Control Sets                : Auto
Add IO Buffers                     : YES
Global Maximum Fanout              : 100000
Add Generic Clock Buffer(BUFG)     : 16
Register Duplication               : YES
Optimize Instantiated Primitives   : NO
Use Clock Enable                   : Auto
Use Synchronous Set                : Auto
Use Synchronous Reset              : Auto
Pack IO Registers into IOBs        : Auto
Equivalent register Removal        : YES

---- General Options
Optimization Goal                  : Speed
Optimization Effort                : 1
Power Reduction                    : NO
Keep Hierarchy                     : No
Netlist Hierarchy                  : As_Optimized
RTL Output                         : Yes
Global Optimization                : AllClockNets
Read Cores                         : YES
Write Timing Constraints           : NO
Cross Clock Analysis               : NO
Hierarchy Separator                : /
Bus Delimiter                      : <>
Case Specifier                     : Maintain
Slice Utilization Ratio            : 100
BRAM Utilization Ratio             : 100
DSP48 Utilization Ratio            : 100
Auto BRAM Packing                  : NO
Slice Utilization Ratio Delta      : 5

=========================================================================


=========================================================================
*                          HDL Parsing                                  *
=========================================================================
Analyzing Verilog file "X:\0_xlinx_ISE\PWM_v\Signal_compare.v" into library work
Parsing module <Signal_compare>.
Analyzing Verilog file "X:\0_xlinx_ISE\PWM_v\RS_FF.v" into library work
Parsing module <RS_FF>.
Analyzing Verilog file "X:\0_xlinx_ISE\PWM_v\PWM_v.v" into library work
Parsing module <PWM_v>.

=========================================================================
*                            HDL Elaboration                            *
=========================================================================

Elaborating module <PWM_v>.

Elaborating module <Signal_compare>.

Elaborating module <RS_FF>.

=========================================================================
*                           HDL Synthesis                               *
=========================================================================

Synthesizing Unit <PWM_v>.
    Related source file is "X:\0_xlinx_ISE\PWM_v\PWM_v.v".
    Found 11-bit register for signal <ClkCount>.
    Found 11-bit adder for signal <ClkCount[10]_GND_1_o_add_1_OUT> created at line 39.
    Summary:
	inferred   1 Adder/Subtractor(s).
	inferred  11 D-type flip-flop(s).
Unit <PWM_v> synthesized.

Synthesizing Unit <Signal_compare>.
    Related source file is "X:\0_xlinx_ISE\PWM_v\Signal_compare.v".
    Summary:
Unit <Signal_compare> synthesized.

Synthesizing Unit <RS_FF>.
    Related source file is "X:\0_xlinx_ISE\PWM_v\RS_FF.v".
    Found 1-bit register for signal <Q1>.
    Summary:
	inferred   1 D-type flip-flop(s).
	inferred   1 Multiplexer(s).
Unit <RS_FF> synthesized.

=========================================================================
HDL Synthesis Report

Macro Statistics
# Adders/Subtractors                                   : 1
 11-bit adder                                          : 1
# Registers                                            : 2
 1-bit register                                        : 1
 11-bit register                                       : 1
# Multiplexers                                         : 1
 1-bit 2-to-1 multiplexer                              : 1
# Xors                                                 : 11
 1-bit xor2                                            : 11

=========================================================================

=========================================================================
*                       Advanced HDL Synthesis                          *
=========================================================================


Synthesizing (advanced) Unit <PWM_v>.
The following registers are absorbed into counter <ClkCount>: 1 register on signal <ClkCount>.
Unit <PWM_v> synthesized (advanced).

=========================================================================
Advanced HDL Synthesis Report

Macro Statistics
# Counters                                             : 1
 11-bit up counter                                     : 1
# Registers                                            : 1
 Flip-Flops                                            : 1
# Xors                                                 : 11
 1-bit xor2                                            : 11

=========================================================================

=========================================================================
*                         Low Level Synthesis                           *
=========================================================================

Optimizing unit <PWM_v> ...

Mapping all equations...
Building and optimizing final netlist ...
Found area constraint ratio of 100 (+ 5) on block PWM_v, actual ratio is 0.

Final Macro Processing ...

=========================================================================
Final Register Report

Macro Statistics
# Registers                                            : 12
 Flip-Flops                                            : 12

=========================================================================

=========================================================================
*                           Partition Report                            *
=========================================================================

Partition Implementation Status
-------------------------------

  No Partitions were found in this design.

-------------------------------

=========================================================================
*                            Design Summary                             *
=========================================================================

Top Level Output File Name         : PWM_v.ngc

Primitive and Black Box Usage:
------------------------------
# BELS                             : 41
#      GND                         : 1
#      INV                         : 1
#      LUT1                        : 10
#      LUT3                        : 1
#      LUT6                        : 6
#      MUXCY                       : 10
#      VCC                         : 1
#      XORCY                       : 11
# FlipFlops/Latches                : 12
#      FD                          : 12
# Clock Buffers                    : 1
#      BUFGP                       : 1
# IO Buffers                       : 11
#      IBUF                        : 10
#      OBUF                        : 1

Device utilization summary:
---------------------------

Selected Device : 6slx9csg324-2 


Slice Logic Utilization: 
 Number of Slice Registers:              12  out of  11440     0%  
 Number of Slice LUTs:                   18  out of   5720     0%  
    Number used as Logic:                18  out of   5720     0%  

Slice Logic Distribution: 
 Number of LUT Flip Flop pairs used:     18
   Number with an unused Flip Flop:       6  out of     18    33%  
   Number with an unused LUT:             0  out of     18     0%  
   Number of fully used LUT-FF pairs:    12  out of     18    66%  
   Number of unique control sets:         1

IO Utilization: 
 Number of IOs:                          12
 Number of bonded IOBs:                  12  out of    200     6%  

Specific Feature Utilization:
 Number of BUFG/BUFGCTRLs:                1  out of     16     6%  

---------------------------
Partition Resource Summary:
---------------------------

  No Partitions were found in this design.

---------------------------


=========================================================================
Timing Report

NOTE: THESE TIMING NUMBERS ARE ONLY A SYNTHESIS ESTIMATE.
      FOR ACCURATE TIMING INFORMATION PLEASE REFER TO THE TRACE REPORT
      GENERATED AFTER PLACE-and-ROUTE.

Clock Information:
------------------
-----------------------------------+------------------------+-------+
Clock Signal                       | Clock buffer(FF name)  | Load  |
-----------------------------------+------------------------+-------+
Clk_pwm                            | BUFGP                  | 12    |
-----------------------------------+------------------------+-------+

Asynchronous Control Signals Information:
----------------------------------------
No asynchronous control signals found in this design

Timing Summary:
---------------
Speed Grade: -2

   Minimum period: 4.013ns (Maximum Frequency: 249.190MHz)
   Minimum input arrival time before clock: 4.978ns
   Maximum output required time after clock: 4.162ns
   Maximum combinational path delay: No path found

Timing Details:
---------------
All values displayed in nanoseconds (ns)

=========================================================================
Timing constraint: Default period analysis for Clock 'Clk_pwm'
  Clock period: 4.013ns (frequency: 249.190MHz)
  Total number of paths / destination ports: 89 / 12
-------------------------------------------------------------------------
Delay:               4.013ns (Levels of Logic = 3)
  Source:            ClkCount_7 (FF)
  Destination:       PWM_FF/Q1 (FF)
  Source Clock:      Clk_pwm rising
  Destination Clock: Clk_pwm rising

  Data Path: ClkCount_7 to PWM_FF/Q1
                                Gate     Net
    Cell:in->out      fanout   Delay   Delay  Logical Name (Net Name)
    ----------------------------------------  ------------
     FD:C->Q               3   0.525   0.994  ClkCount_7 (ClkCount_7)
     LUT6:I3->O            1   0.235   0.910  PWM_sig/Result5_SW0 (N5)
     LUT6:I3->O            1   0.235   0.790  PWM_sig/Result5 (pwm_off)
     LUT3:I1->O            1   0.250   0.000  PWM_FF/Q1_rstpot (PWM_FF/Q1_rstpot)
     FD:D                      0.074          PWM_FF/Q1
    ----------------------------------------
    Total                      4.013ns (1.319ns logic, 2.694ns route)
                                       (32.9% logic, 67.1% route)

=========================================================================
Timing constraint: Default OFFSET IN BEFORE for Clock 'Clk_pwm'
  Total number of paths / destination ports: 10 / 1
-------------------------------------------------------------------------
Offset:              4.978ns (Levels of Logic = 4)
  Source:            SigVec<6> (PAD)
  Destination:       PWM_FF/Q1 (FF)
  Destination Clock: Clk_pwm rising

  Data Path: SigVec<6> to PWM_FF/Q1
                                Gate     Net
    Cell:in->out      fanout   Delay   Delay  Logical Name (Net Name)
    ----------------------------------------  ------------
     IBUF:I->O             1   1.328   1.137  SigVec_6_IBUF (SigVec_6_IBUF)
     LUT6:I0->O            1   0.254   0.910  PWM_sig/Result5_SW0 (N5)
     LUT6:I3->O            1   0.235   0.790  PWM_sig/Result5 (pwm_off)
     LUT3:I1->O            1   0.250   0.000  PWM_FF/Q1_rstpot (PWM_FF/Q1_rstpot)
     FD:D                      0.074          PWM_FF/Q1
    ----------------------------------------
    Total                      4.978ns (2.141ns logic, 2.837ns route)
                                       (43.0% logic, 57.0% route)

=========================================================================
Timing constraint: Default OFFSET OUT AFTER for Clock 'Clk_pwm'
  Total number of paths / destination ports: 1 / 1
-------------------------------------------------------------------------
Offset:              4.162ns (Levels of Logic = 1)
  Source:            PWM_FF/Q1 (FF)
  Destination:       PwmSig (PAD)
  Source Clock:      Clk_pwm rising

  Data Path: PWM_FF/Q1 to PwmSig
                                Gate     Net
    Cell:in->out      fanout   Delay   Delay  Logical Name (Net Name)
    ----------------------------------------  ------------
     FD:C->Q               2   0.525   0.725  PWM_FF/Q1 (PWM_FF/Q1)
     OBUF:I->O                 2.912          PwmSig_OBUF (PwmSig)
    ----------------------------------------
    Total                      4.162ns (3.437ns logic, 0.725ns route)
                                       (82.6% logic, 17.4% route)

=========================================================================

Cross Clock Domains Report:
--------------------------

Clock to Setup on destination clock Clk_pwm
---------------+---------+---------+---------+---------+
               | Src:Rise| Src:Fall| Src:Rise| Src:Fall|
Source Clock   |Dest:Rise|Dest:Rise|Dest:Fall|Dest:Fall|
---------------+---------+---------+---------+---------+
Clk_pwm        |    4.013|         |         |         |
---------------+---------+---------+---------+---------+

=========================================================================


Total REAL time to Xst completion: 7.00 secs
Total CPU time to Xst completion: 7.38 secs
 
--> 

Total memory usage is 231268 kilobytes

Number of errors   :    0 (   0 filtered)
Number of warnings :    0 (   0 filtered)
Number of infos    :    0 (   0 filtered)

